#
# There is insufficient memory for the Java Runtime Environment to continue.
# Native memory allocation (mmap) failed to map 575668224 bytes for G1 virtual space
# Possible reasons:
#   The system is out of physical RAM or swap space
#   The process is running with CompressedOops enabled, and the Java Heap may be blocking the growth of the native heap
# Possible solutions:
#   Reduce memory load on the system
#   Increase physical memory or swap space
#   Check if swap backing store is full
#   Decrease Java heap size (-Xmx/-Xms)
#   Decrease number of Java threads
#   Decrease Java thread stack sizes (-Xss)
#   Set larger code cache with -XX:ReservedCodeCacheSize=
#   JVM is running with Unscaled Compressed Oops mode in which the Java heap is
#     placed in the first 4GB address space. The Java Heap base address is the
#     maximum limit for the native heap growth. Please use -XX:HeapBaseMinAddress
#     to set the Java Heap base and to place the Java Heap above 4GB virtual address.
# This output file may be truncated or incomplete.
#
#  Out of Memory Error (os_windows.cpp:3769), pid=13772, tid=9616
#
# JRE version: OpenJDK Runtime Environment (17.0.6) (build 17.0.6+0-b2043.56-10027231)
# Java VM: OpenJDK 64-Bit Server VM (17.0.6+0-b2043.56-10027231, mixed mode, tiered, compressed oops, compressed class ptrs, g1 gc, windows-amd64)
# No core dump will be written. Minidumps are not enabled by default on client versions of Windows
#

---------------  S U M M A R Y ------------

Command Line: --add-opens=java.base/java.util=ALL-UNNAMED --add-opens=java.base/java.lang=ALL-UNNAMED --add-opens=java.base/java.lang.invoke=ALL-UNNAMED --add-opens=java.prefs/java.util.prefs=ALL-UNNAMED --add-opens=java.base/java.nio.charset=ALL-UNNAMED --add-opens=java.base/java.net=ALL-UNNAMED --add-opens=java.base/java.util.concurrent.atomic=ALL-UNNAMED -Xmx2048m -Dfile.encoding=UTF-8 -Duser.country=ID -Duser.language=en -Duser.variant org.gradle.launcher.daemon.bootstrap.GradleDaemon 8.0

Host: AMD Ryzen 3 3250U with Radeon Graphics         , 4 cores, 9G,  Windows 11 , 64 bit Build 22543 (10.0.22543.1000)
Time: Fri Sep 29 17:39:32 2023 SE Asia Standard Time elapsed time: 233.633350 seconds (0d 0h 3m 53s)

---------------  T H R E A D  ---------------

Current thread (0x000001ac166f9840):  VMThread "VM Thread" [stack: 0x0000001389600000,0x0000001389700000] [id=9616]

Stack: [0x0000001389600000,0x0000001389700000]
Native frames: (J=compiled Java code, j=interpreted, Vv=VM code, C=native code)
V  [jvm.dll+0x683c9a]
V  [jvm.dll+0x8427a4]
V  [jvm.dll+0x843f9e]
V  [jvm.dll+0x844603]
V  [jvm.dll+0x249b75]
V  [jvm.dll+0x680b69]
V  [jvm.dll+0x67505a]
V  [jvm.dll+0x309acb]
V  [jvm.dll+0x310f86]
V  [jvm.dll+0x3608ee]
V  [jvm.dll+0x360b1f]
V  [jvm.dll+0x2dfbf8]
V  [jvm.dll+0x2ddec4]
V  [jvm.dll+0x2dd4cc]
V  [jvm.dll+0x321f3b]
V  [jvm.dll+0x848ccb]
V  [jvm.dll+0x849a04]
V  [jvm.dll+0x849f1d]
V  [jvm.dll+0x84a2f4]
V  [jvm.dll+0x84a3c0]
V  [jvm.dll+0x7f274a]
V  [jvm.dll+0x682ad5]
C  [ucrtbase.dll+0x293cc]
C  [KERNEL32.DLL+0x11350]
C  [ntdll.dll+0x51dc8]

VM_Operation (0x000000138f8fd7a0): G1CollectForAllocation, mode: safepoint, requested by thread 0x000001ac1a912060


---------------  P R O C E S S  ---------------

Threads class SMR info:
_java_thread_list=0x000001ac1e8d6800, length=96, elements={
0x000001ac7af3e6c0, 0x000001ac166e4090, 0x000001ac166e5660, 0x000001ac1670b4d0,
0x000001ac1670bf90, 0x000001ac1670cb40, 0x000001ac1670d4f0, 0x000001ac1670e1d0,
0x000001ac1709c630, 0x000001ac1709cc30, 0x000001ac171e6010, 0x000001ac171e84f0,
0x000001ac17eaa620, 0x000001ac176b9840, 0x000001ac1aa6d3e0, 0x000001ac17d54040,
0x000001ac17e50f80, 0x000001ac1ad69820, 0x000001ac17f19e40, 0x000001ac17d10f60,
0x000001ac17d11430, 0x000001ac17d105c0, 0x000001ac17d100f0, 0x000001ac1aadaa80,
0x000001ac1aad5d80, 0x000001ac1aadb420, 0x000001ac1aada5b0, 0x000001ac1aadcc30,
0x000001ac1aad6250, 0x000001ac1aadc290, 0x000001ac1aadbdc0, 0x000001ac1aadc760,
0x000001ac1aadd100, 0x000001ac1aad58b0, 0x000001ac1aad6bf0, 0x000001ac1aad70c0,
0x000001ac1aad9c10, 0x000001ac1aad7590, 0x000001ac1aad9270, 0x000001ac1aad88d0,
0x000001ac1aad8da0, 0x000001ac1aad9740, 0x000001ac1aada0e0, 0x000001ac17d10a90,
0x000001ac1a198fb0, 0x000001ac1a19b630, 0x000001ac1a194780, 0x000001ac1a194c50,
0x000001ac1a196930, 0x000001ac1a19ac90, 0x000001ac1a195120, 0x000001ac1a198ae0,
0x000001ac1a195f90, 0x000001ac1a1977a0, 0x000001ac1a19a2f0, 0x000001ac1a197c70,
0x000001ac1a193de0, 0x000001ac1a19b160, 0x000001ac1a1942b0, 0x000001ac1a1955f0,
0x000001ac1a199480, 0x000001ac1a195ac0, 0x000001ac1a196460, 0x000001ac1a196e00,
0x000001ac1a19a7c0, 0x000001ac1a198610, 0x000001ac1a1972d0, 0x000001ac1a198140,
0x000001ac1a199950, 0x000001ac1a199e20, 0x000001ac1a6e3580, 0x000001ac1a6dd070,
0x000001ac1a6e2240, 0x000001ac1a6de3b0, 0x000001ac1a6e30b0, 0x000001ac1a6dfbc0,
0x000001ac1a6e0090, 0x000001ac1a6e2710, 0x000001ac1a6e0f00, 0x000001ac1a6de880,
0x000001ac1a6e13d0, 0x000001ac1a6e1d70, 0x000001ac1a6e48c0, 0x000001ac1a6dd540,
0x000001ac1a6dda10, 0x000001ac1a6df220, 0x000001ac1a9163c0, 0x000001ac1a912530,
0x000001ac1a915a20, 0x000001ac1a918f10, 0x000001ac1a912a00, 0x000001ac1a917230,
0x000001ac1a9133a0, 0x000001ac1a912060, 0x000001ac1a917700, 0x000001ac1b72b320
}

Java Threads: ( => current thread )
  0x000001ac7af3e6c0 JavaThread "main" [_thread_blocked, id=15512, stack(0x0000001389000000,0x0000001389100000)]
  0x000001ac166e4090 JavaThread "Reference Handler" daemon [_thread_blocked, id=6228, stack(0x0000001389700000,0x0000001389800000)]
  0x000001ac166e5660 JavaThread "Finalizer" daemon [_thread_blocked, id=10636, stack(0x0000001389800000,0x0000001389900000)]
  0x000001ac1670b4d0 JavaThread "Signal Dispatcher" daemon [_thread_blocked, id=4132, stack(0x0000001389900000,0x0000001389a00000)]
  0x000001ac1670bf90 JavaThread "Attach Listener" daemon [_thread_blocked, id=13084, stack(0x0000001389a00000,0x0000001389b00000)]
  0x000001ac1670cb40 JavaThread "Service Thread" daemon [_thread_blocked, id=13412, stack(0x0000001389b00000,0x0000001389c00000)]
  0x000001ac1670d4f0 JavaThread "Monitor Deflation Thread" daemon [_thread_blocked, id=9912, stack(0x0000001389c00000,0x0000001389d00000)]
  0x000001ac1670e1d0 JavaThread "C2 CompilerThread0" daemon [_thread_blocked, id=16580, stack(0x0000001389d00000,0x0000001389e00000)]
  0x000001ac1709c630 JavaThread "C1 CompilerThread0" daemon [_thread_blocked, id=16120, stack(0x0000001389e00000,0x0000001389f00000)]
  0x000001ac1709cc30 JavaThread "Sweeper thread" daemon [_thread_blocked, id=5660, stack(0x0000001389f00000,0x000000138a000000)]
  0x000001ac171e6010 JavaThread "Common-Cleaner" daemon [_thread_blocked, id=17272, stack(0x000000138a000000,0x000000138a100000)]
  0x000001ac171e84f0 JavaThread "Notification Thread" daemon [_thread_blocked, id=14288, stack(0x000000138a100000,0x000000138a200000)]
  0x000001ac17eaa620 JavaThread "Daemon health stats" [_thread_blocked, id=5412, stack(0x000000138a600000,0x000000138a700000)]
  0x000001ac176b9840 JavaThread "Incoming local TCP Connector on port 22570" [_thread_in_native, id=17300, stack(0x000000138a700000,0x000000138a800000)]
  0x000001ac1aa6d3e0 JavaThread "Daemon periodic checks" [_thread_blocked, id=15308, stack(0x000000138a800000,0x000000138a900000)]
  0x000001ac17d54040 JavaThread "Daemon" [_thread_blocked, id=4960, stack(0x000000138a900000,0x000000138aa00000)]
  0x000001ac17e50f80 JavaThread "Handler for socket connection from /127.0.0.1:22570 to /127.0.0.1:22571" [_thread_in_native, id=15524, stack(0x000000138aa00000,0x000000138ab00000)]
  0x000001ac1ad69820 JavaThread "Cancel handler" [_thread_blocked, id=6008, stack(0x000000138ab00000,0x000000138ac00000)]
  0x000001ac17f19e40 JavaThread "Daemon worker" [_thread_blocked, id=15632, stack(0x000000138ac00000,0x000000138ad00000)]
  0x000001ac17d10f60 JavaThread "Asynchronous log dispatcher for DefaultDaemonConnection: socket connection from /127.0.0.1:22570 to /127.0.0.1:22571" [_thread_blocked, id=11864, stack(0x000000138ad00000,0x000000138ae00000)]
  0x000001ac17d11430 JavaThread "Daemon client event forwarder" [_thread_blocked, id=7980, stack(0x000000138af00000,0x000000138b000000)]
  0x000001ac17d105c0 JavaThread "Cache worker for journal cache (C:\Users\wilda\.gradle\caches\journal-1)" [_thread_blocked, id=8400, stack(0x000000138b000000,0x000000138b100000)]
  0x000001ac17d100f0 JavaThread "File lock request listener" [_thread_in_native, id=12236, stack(0x000000138b100000,0x000000138b200000)]
  0x000001ac1aadaa80 JavaThread "Cache worker for file hash cache (C:\Users\wilda\.gradle\caches\8.0\fileHashes)" [_thread_blocked, id=14392, stack(0x000000138b200000,0x000000138b300000)]
  0x000001ac1aad5d80 JavaThread "File watcher server" daemon [_thread_blocked, id=14852, stack(0x000000138b300000,0x000000138b400000)]
  0x000001ac1aadb420 JavaThread "File watcher consumer" daemon [_thread_blocked, id=1848, stack(0x000000138b400000,0x000000138b500000)]
  0x000001ac1aada5b0 JavaThread "Cache worker for checksums cache (C:\Users\wilda\AndroidStudioProjects\AplikasiKartuNama\.gradle\8.0\checksums)" [_thread_blocked, id=12136, stack(0x000000138b500000,0x000000138b600000)]
  0x000001ac1aadcc30 JavaThread "Cache worker for cache directory md-rule (C:\Users\wilda\.gradle\caches\8.0\md-rule)" [_thread_blocked, id=15720, stack(0x000000138b600000,0x000000138b700000)]
  0x000001ac1aad6250 JavaThread "Cache worker for file content cache (C:\Users\wilda\.gradle\caches\8.0\fileContent)" [_thread_blocked, id=15948, stack(0x000000138b700000,0x000000138b800000)]
  0x000001ac1aadc290 JavaThread "Cache worker for file hash cache (C:\Users\wilda\AndroidStudioProjects\AplikasiKartuNama\.gradle\8.0\fileHashes)" [_thread_blocked, id=12904, stack(0x000000138b800000,0x000000138b900000)]
  0x000001ac1aadbdc0 JavaThread "Cache worker for cache directory md-supplier (C:\Users\wilda\.gradle\caches\8.0\md-supplier)" [_thread_blocked, id=8264, stack(0x000000138b900000,0x000000138ba00000)]
  0x000001ac1aadc760 JavaThread "Cache worker for execution history cache (C:\Users\wilda\.gradle\caches\8.0\executionHistory)" [_thread_blocked, id=16548, stack(0x000000138bc00000,0x000000138bd00000)]
  0x000001ac1aadd100 JavaThread "jar transforms" [_thread_blocked, id=13536, stack(0x000000138bd00000,0x000000138be00000)]
  0x000001ac1aad58b0 JavaThread "jar transforms Thread 2" [_thread_blocked, id=4024, stack(0x000000138bf00000,0x000000138c000000)]
  0x000001ac1aad6bf0 JavaThread "Cache worker for kotlin-dsl (C:\Users\wilda\.gradle\caches\8.0\kotlin-dsl)" [_thread_blocked, id=11028, stack(0x000000138be00000,0x000000138bf00000)]
  0x000001ac1aad70c0 JavaThread "jar transforms Thread 3" [_thread_blocked, id=6504, stack(0x000000138c000000,0x000000138c100000)]
  0x000001ac1aad9c10 JavaThread "jar transforms Thread 4" [_thread_blocked, id=5276, stack(0x000000138c100000,0x000000138c200000)]
  0x000001ac1aad7590 JavaThread "Cache worker for dependencies-accessors (C:\Users\wilda\AndroidStudioProjects\AplikasiKartuNama\.gradle\8.0\dependencies-accessors)" [_thread_blocked, id=16904, stack(0x000000138c200000,0x000000138c300000)]
  0x000001ac1aad9270 JavaThread "Cache worker for Build Output Cleanup Cache (C:\Users\wilda\AndroidStudioProjects\AplikasiKartuNama\.gradle\buildOutputCleanup)" [_thread_blocked, id=7280, stack(0x000000138c300000,0x000000138c400000)]
  0x000001ac1aad88d0 JavaThread "Unconstrained build operations" [_thread_blocked, id=14040, stack(0x0000001388e00000,0x0000001388f00000)]
  0x000001ac1aad8da0 JavaThread "Unconstrained build operations Thread 2" [_thread_blocked, id=15520, stack(0x0000001388f00000,0x0000001389000000)]
  0x000001ac1aad9740 JavaThread "Unconstrained build operations Thread 3" [_thread_blocked, id=16524, stack(0x000000138ae00000,0x000000138af00000)]
  0x000001ac1aada0e0 JavaThread "Unconstrained build operations Thread 4" [_thread_blocked, id=10184, stack(0x000000138c400000,0x000000138c500000)]
  0x000001ac17d10a90 JavaThread "Unconstrained build operations Thread 5" [_thread_blocked, id=7916, stack(0x000000138c500000,0x000000138c600000)]
  0x000001ac1a198fb0 JavaThread "Unconstrained build operations Thread 6" [_thread_blocked, id=13960, stack(0x000000138c600000,0x000000138c700000)]
  0x000001ac1a19b630 JavaThread "Unconstrained build operations Thread 7" [_thread_blocked, id=8112, stack(0x000000138c700000,0x000000138c800000)]
  0x000001ac1a194780 JavaThread "Unconstrained build operations Thread 8" [_thread_blocked, id=12860, stack(0x000000138c800000,0x000000138c900000)]
  0x000001ac1a194c50 JavaThread "Unconstrained build operations Thread 9" [_thread_blocked, id=14076, stack(0x000000138c900000,0x000000138ca00000)]
  0x000001ac1a196930 JavaThread "Unconstrained build operations Thread 10" [_thread_blocked, id=9768, stack(0x000000138ca00000,0x000000138cb00000)]
  0x000001ac1a19ac90 JavaThread "Unconstrained build operations Thread 11" [_thread_blocked, id=16944, stack(0x000000138cb00000,0x000000138cc00000)]
  0x000001ac1a195120 JavaThread "Unconstrained build operations Thread 12" [_thread_blocked, id=15504, stack(0x000000138cc00000,0x000000138cd00000)]
  0x000001ac1a198ae0 JavaThread "Unconstrained build operations Thread 13" [_thread_blocked, id=11708, stack(0x000000138cd00000,0x000000138ce00000)]
  0x000001ac1a195f90 JavaThread "Unconstrained build operations Thread 14" [_thread_blocked, id=15064, stack(0x000000138ce00000,0x000000138cf00000)]
  0x000001ac1a1977a0 JavaThread "Unconstrained build operations Thread 15" [_thread_blocked, id=15076, stack(0x000000138cf00000,0x000000138d000000)]
  0x000001ac1a19a2f0 JavaThread "Unconstrained build operations Thread 16" [_thread_blocked, id=13600, stack(0x000000138d000000,0x000000138d100000)]
  0x000001ac1a197c70 JavaThread "Unconstrained build operations Thread 17" [_thread_blocked, id=5272, stack(0x000000138d100000,0x000000138d200000)]
  0x000001ac1a193de0 JavaThread "Unconstrained build operations Thread 18" [_thread_blocked, id=1608, stack(0x000000138d200000,0x000000138d300000)]
  0x000001ac1a19b160 JavaThread "Unconstrained build operations Thread 19" [_thread_blocked, id=3060, stack(0x000000138d300000,0x000000138d400000)]
  0x000001ac1a1942b0 JavaThread "Unconstrained build operations Thread 20" [_thread_blocked, id=5984, stack(0x000000138d400000,0x000000138d500000)]
  0x000001ac1a1955f0 JavaThread "Unconstrained build operations Thread 21" [_thread_blocked, id=3628, stack(0x000000138d500000,0x000000138d600000)]
  0x000001ac1a199480 JavaThread "Unconstrained build operations Thread 22" [_thread_blocked, id=7716, stack(0x000000138d600000,0x000000138d700000)]
  0x000001ac1a195ac0 JavaThread "Unconstrained build operations Thread 23" [_thread_blocked, id=7156, stack(0x000000138d700000,0x000000138d800000)]
  0x000001ac1a196460 JavaThread "Unconstrained build operations Thread 24" [_thread_blocked, id=5744, stack(0x000000138d800000,0x000000138d900000)]
  0x000001ac1a196e00 JavaThread "Unconstrained build operations Thread 25" [_thread_blocked, id=88, stack(0x000000138d900000,0x000000138da00000)]
  0x000001ac1a19a7c0 JavaThread "Unconstrained build operations Thread 26" [_thread_blocked, id=5012, stack(0x000000138da00000,0x000000138db00000)]
  0x000001ac1a198610 JavaThread "Unconstrained build operations Thread 27" [_thread_blocked, id=8156, stack(0x000000138db00000,0x000000138dc00000)]
  0x000001ac1a1972d0 JavaThread "Unconstrained build operations Thread 28" [_thread_blocked, id=400, stack(0x000000138dc00000,0x000000138dd00000)]
  0x000001ac1a198140 JavaThread "Unconstrained build operations Thread 29" [_thread_blocked, id=2548, stack(0x000000138dd00000,0x000000138de00000)]
  0x000001ac1a199950 JavaThread "Unconstrained build operations Thread 30" [_thread_blocked, id=13164, stack(0x000000138de00000,0x000000138df00000)]
  0x000001ac1a199e20 JavaThread "Unconstrained build operations Thread 31" [_thread_blocked, id=10476, stack(0x000000138df00000,0x000000138e000000)]
  0x000001ac1a6e3580 JavaThread "Unconstrained build operations Thread 32" [_thread_blocked, id=4252, stack(0x000000138e000000,0x000000138e100000)]
  0x000001ac1a6dd070 JavaThread "Unconstrained build operations Thread 33" [_thread_blocked, id=15736, stack(0x000000138e100000,0x000000138e200000)]
  0x000001ac1a6e2240 JavaThread "Unconstrained build operations Thread 34" [_thread_blocked, id=7424, stack(0x000000138e200000,0x000000138e300000)]
  0x000001ac1a6de3b0 JavaThread "Unconstrained build operations Thread 35" [_thread_blocked, id=11968, stack(0x000000138e300000,0x000000138e400000)]
  0x000001ac1a6e30b0 JavaThread "Unconstrained build operations Thread 36" [_thread_blocked, id=14376, stack(0x000000138e400000,0x000000138e500000)]
  0x000001ac1a6dfbc0 JavaThread "Unconstrained build operations Thread 37" [_thread_blocked, id=6352, stack(0x000000138e500000,0x000000138e600000)]
  0x000001ac1a6e0090 JavaThread "Unconstrained build operations Thread 38" [_thread_blocked, id=13088, stack(0x000000138e600000,0x000000138e700000)]
  0x000001ac1a6e2710 JavaThread "Unconstrained build operations Thread 39" [_thread_blocked, id=2676, stack(0x000000138e700000,0x000000138e800000)]
  0x000001ac1a6e0f00 JavaThread "Unconstrained build operations Thread 40" [_thread_blocked, id=6956, stack(0x000000138e800000,0x000000138e900000)]
  0x000001ac1a6de880 JavaThread "build event listener" [_thread_blocked, id=17236, stack(0x000000138e900000,0x000000138ea00000)]
  0x000001ac1a6e13d0 JavaThread "Memory manager" [_thread_blocked, id=16448, stack(0x000000138ea00000,0x000000138eb00000)]
  0x000001ac1a6e1d70 JavaThread "pool-3-thread-1" [_thread_blocked, id=7304, stack(0x000000138eb00000,0x000000138ec00000)]
  0x000001ac1a6e48c0 JavaThread "build event listener" [_thread_blocked, id=2008, stack(0x000000138ec00000,0x000000138ed00000)]
  0x000001ac1a6dd540 JavaThread "included builds" [_thread_blocked, id=15388, stack(0x000000138ed00000,0x000000138ee00000)]
  0x000001ac1a6dda10 JavaThread "Execution worker" [_thread_blocked, id=8600, stack(0x000000138ee00000,0x000000138ef00000)]
  0x000001ac1a6df220 JavaThread "Execution worker Thread 2" [_thread_blocked, id=14812, stack(0x000000138ef00000,0x000000138f000000)]
  0x000001ac1a9163c0 JavaThread "Execution worker Thread 3" [_thread_blocked, id=13308, stack(0x000000138f000000,0x000000138f100000)]
  0x000001ac1a912530 JavaThread "Cache worker for execution history cache (C:\Users\wilda\AndroidStudioProjects\AplikasiKartuNama\.gradle\8.0\executionHistory)" [_thread_blocked, id=8160, stack(0x000000138ba00000,0x000000138bb00000)]
  0x000001ac1a915a20 JavaThread "pool-4-thread-1" [_thread_blocked, id=11624, stack(0x000000138f300000,0x000000138f400000)]
  0x000001ac1a918f10 JavaThread "stderr" [_thread_in_native, id=1968, stack(0x000000138f400000,0x000000138f500000)]
  0x000001ac1a912a00 JavaThread "stdout" [_thread_in_native, id=2708, stack(0x000000138f500000,0x000000138f600000)]
  0x000001ac1a917230 JavaThread "WorkerExecutor Queue" [_thread_blocked, id=9664, stack(0x000000138f700000,0x000000138f800000)]
  0x000001ac1a9133a0 JavaThread "WorkerExecutor Queue Thread 2" [_thread_blocked, id=11868, stack(0x000000138f600000,0x000000138f700000)]
  0x000001ac1a912060 JavaThread "WorkerExecutor Queue Thread 3" [_thread_blocked, id=15168, stack(0x000000138f800000,0x000000138f900000)]
  0x000001ac1a917700 JavaThread "WorkerExecutor Queue Thread 4" [_thread_blocked, id=8480, stack(0x000000138f900000,0x000000138fa00000)]
  0x000001ac1b72b320 JavaThread "C2 CompilerThread1" daemon [_thread_blocked, id=8512, stack(0x000000138fa00000,0x000000138fb00000)]

Other Threads:
=>0x000001ac166f9840 VMThread "VM Thread" [stack: 0x0000001389600000,0x0000001389700000] [id=9616]
  0x000001ac17149e80 WatcherThread [stack: 0x000000138a200000,0x000000138a300000] [id=12356]
  0x000001ac7d1674f0 GCTaskThread "GC Thread#0" [stack: 0x0000001389100000,0x0000001389200000] [id=10080]
  0x000001ac1738ec30 GCTaskThread "GC Thread#1" [stack: 0x000000138a300000,0x000000138a400000] [id=17336]
  0x000001ac17a94310 GCTaskThread "GC Thread#2" [stack: 0x000000138a400000,0x000000138a500000] [id=6156]
  0x000001ac17349af0 GCTaskThread "GC Thread#3" [stack: 0x000000138a500000,0x000000138a600000] [id=15640]
  0x000001ac7d178430 ConcurrentGCThread "G1 Main Marker" [stack: 0x0000001389200000,0x0000001389300000] [id=13812]
  0x000001ac7d178e40 ConcurrentGCThread "G1 Conc#0" [stack: 0x0000001389300000,0x0000001389400000] [id=15664]
  0x000001ac165460e0 ConcurrentGCThread "G1 Refine#0" [stack: 0x0000001389400000,0x0000001389500000] [id=14784]
  0x000001ac165467b0 ConcurrentGCThread "G1 Service" [stack: 0x0000001389500000,0x0000001389600000] [id=2024]

Threads with active compile tasks:
C2 CompilerThread1   233807 14741       4       com.android.tools.r8.dex.B::l (1921 bytes)

VM state: at safepoint (normal execution)

VM Mutex/Monitor currently owned by a thread:  ([mutex/lock_event])
[0x000001ac7af3afc0] Threads_lock - owner thread: 0x000001ac166f9840
[0x000001ac7af3a630] Heap_lock - owner thread: 0x000001ac1a912060

Heap address: 0x0000000080000000, size: 2048 MB, Compressed Oops mode: 32-bit

CDS archive(s) not mapped
Compressed class space mapped at: 0x0000000100000000-0x0000000140000000, reserved size: 1073741824
Narrow klass base: 0x0000000000000000, Narrow klass shift: 3, Narrow klass range: 0x140000000

GC Precious Log:
 CPUs: 4 total, 4 available
 Memory: 10177M
 Large Page Support: Disabled
 NUMA Support: Disabled
 Compressed Oops: Enabled (32-bit)
 Heap Region Size: 1M
 Heap Min Capacity: 8M
 Heap Initial Capacity: 160M
 Heap Max Capacity: 2G
 Pre-touch: Disabled
 Parallel Workers: 4
 Concurrent Workers: 1
 Concurrent Refinement Workers: 4
 Periodic GC: Disabled

Heap:
 garbage-first heap   total 299008K, used 174406K [0x0000000080000000, 0x0000000100000000)
  region size 1024K, 2 young (2048K), 2 survivors (2048K)
 Metaspace       used 113289K, committed 114048K, reserved 1155072K
  class space    used 15015K, committed 15360K, reserved 1048576K

Heap Regions: E=young(eden), S=young(survivor), O=old, HS=humongous(starts), HC=humongous(continues), CS=collection set, F=free, OA=open archive, CA=closed archive, TAMS=top-at-mark-start (previous, next)
|   0|0x0000000080000000, 0x0000000080100000, 0x0000000080100000|100%| O|  |TAMS 0x0000000080100000, 0x0000000080000000| Untracked 
|   1|0x0000000080100000, 0x0000000080200000, 0x0000000080200000|100%| O|  |TAMS 0x0000000080200000, 0x0000000080100000| Untracked 
|   2|0x0000000080200000, 0x0000000080300000, 0x0000000080300000|100%|HS|  |TAMS 0x0000000080300000, 0x0000000080200000| Complete 
|   3|0x0000000080300000, 0x0000000080400000, 0x0000000080400000|100%|HC|  |TAMS 0x0000000080400000, 0x0000000080300000| Complete 
|   4|0x0000000080400000, 0x0000000080500000, 0x0000000080500000|100%|HC|  |TAMS 0x0000000080500000, 0x0000000080400000| Complete 
|   5|0x0000000080500000, 0x0000000080600000, 0x0000000080600000|100%|HC|  |TAMS 0x0000000080600000, 0x0000000080500000| Complete 
|   6|0x0000000080600000, 0x0000000080700000, 0x0000000080700000|100%| O|  |TAMS 0x0000000080700000, 0x0000000080600000| Untracked 
|   7|0x0000000080700000, 0x0000000080800000, 0x0000000080800000|100%| O|  |TAMS 0x0000000080800000, 0x0000000080700000| Untracked 
|   8|0x0000000080800000, 0x0000000080900000, 0x0000000080900000|100%| O|  |TAMS 0x0000000080900000, 0x0000000080800000| Untracked 
|   9|0x0000000080900000, 0x0000000080a00000, 0x0000000080a00000|100%| O|  |TAMS 0x0000000080a00000, 0x0000000080900000| Untracked 
|  10|0x0000000080a00000, 0x0000000080b00000, 0x0000000080b00000|100%| O|  |TAMS 0x0000000080b00000, 0x0000000080a00000| Untracked 
|  11|0x0000000080b00000, 0x0000000080c00000, 0x0000000080c00000|100%| O|  |TAMS 0x0000000080c00000, 0x0000000080b00000| Untracked 
|  12|0x0000000080c00000, 0x0000000080d00000, 0x0000000080d00000|100%| O|  |TAMS 0x0000000080d00000, 0x0000000080c00000| Untracked 
|  13|0x0000000080d00000, 0x0000000080e00000, 0x0000000080e00000|100%| O|  |TAMS 0x0000000080e00000, 0x0000000080d00000| Untracked 
|  14|0x0000000080e00000, 0x0000000080f00000, 0x0000000080f00000|100%| O|  |TAMS 0x0000000080f00000, 0x0000000080e00000| Untracked 
|  15|0x0000000080f00000, 0x0000000081000000, 0x0000000081000000|100%| O|  |TAMS 0x0000000081000000, 0x0000000080f00000| Untracked 
|  16|0x0000000081000000, 0x0000000081100000, 0x0000000081100000|100%| O|  |TAMS 0x0000000081100000, 0x0000000081000000| Untracked 
|  17|0x0000000081100000, 0x0000000081200000, 0x0000000081200000|100%| O|  |TAMS 0x0000000081200000, 0x0000000081100000| Untracked 
|  18|0x0000000081200000, 0x0000000081300000, 0x0000000081300000|100%| O|  |TAMS 0x0000000081300000, 0x0000000081200000| Untracked 
|  19|0x0000000081300000, 0x0000000081400000, 0x0000000081400000|100%| O|  |TAMS 0x0000000081400000, 0x0000000081300000| Untracked 
|  20|0x0000000081400000, 0x0000000081500000, 0x0000000081500000|100%| O|  |TAMS 0x0000000081500000, 0x0000000081400000| Untracked 
|  21|0x0000000081500000, 0x0000000081600000, 0x0000000081600000|100%| O|  |TAMS 0x0000000081600000, 0x0000000081500000| Untracked 
|  22|0x0000000081600000, 0x0000000081700000, 0x0000000081700000|100%| O|  |TAMS 0x0000000081700000, 0x0000000081600000| Untracked 
|  23|0x0000000081700000, 0x0000000081800000, 0x0000000081800000|100%| O|  |TAMS 0x0000000081800000, 0x0000000081700000| Untracked 
|  24|0x0000000081800000, 0x0000000081900000, 0x0000000081900000|100%| O|  |TAMS 0x0000000081900000, 0x0000000081800000| Untracked 
|  25|0x0000000081900000, 0x0000000081a00000, 0x0000000081a00000|100%| O|  |TAMS 0x0000000081a00000, 0x0000000081900000| Untracked 
|  26|0x0000000081a00000, 0x0000000081b00000, 0x0000000081b00000|100%| O|  |TAMS 0x0000000081b00000, 0x0000000081a00000| Untracked 
|  27|0x0000000081b00000, 0x0000000081c00000, 0x0000000081c00000|100%| O|  |TAMS 0x0000000081c00000, 0x0000000081b00000| Untracked 
|  28|0x0000000081c00000, 0x0000000081d00000, 0x0000000081d00000|100%| O|  |TAMS 0x0000000081d00000, 0x0000000081c00000| Untracked 
|  29|0x0000000081d00000, 0x0000000081e00000, 0x0000000081e00000|100%| O|  |TAMS 0x0000000081e00000, 0x0000000081d00000| Untracked 
|  30|0x0000000081e00000, 0x0000000081f00000, 0x0000000081f00000|100%| O|  |TAMS 0x0000000081f00000, 0x0000000081e00000| Untracked 
|  31|0x0000000081f00000, 0x0000000082000000, 0x0000000082000000|100%| O|  |TAMS 0x0000000082000000, 0x0000000081f00000| Untracked 
|  32|0x0000000082000000, 0x0000000082100000, 0x0000000082100000|100%| O|  |TAMS 0x0000000082100000, 0x0000000082000000| Untracked 
|  33|0x0000000082100000, 0x0000000082200000, 0x0000000082200000|100%| O|  |TAMS 0x0000000082200000, 0x0000000082100000| Untracked 
|  34|0x0000000082200000, 0x0000000082300000, 0x0000000082300000|100%| O|  |TAMS 0x0000000082300000, 0x0000000082200000| Untracked 
|  35|0x0000000082300000, 0x0000000082400000, 0x0000000082400000|100%|HS|  |TAMS 0x0000000082400000, 0x0000000082300000| Complete 
|  36|0x0000000082400000, 0x0000000082500000, 0x0000000082500000|100%|HS|  |TAMS 0x0000000082500000, 0x0000000082400000| Complete 
|  37|0x0000000082500000, 0x0000000082600000, 0x0000000082600000|100%| O|  |TAMS 0x0000000082600000, 0x0000000082500000| Untracked 
|  38|0x0000000082600000, 0x0000000082700000, 0x0000000082700000|100%| O|  |TAMS 0x0000000082700000, 0x0000000082600000| Untracked 
|  39|0x0000000082700000, 0x0000000082800000, 0x0000000082800000|100%|HS|  |TAMS 0x0000000082800000, 0x0000000082700000| Complete 
|  40|0x0000000082800000, 0x0000000082900000, 0x0000000082900000|100%|HC|  |TAMS 0x0000000082900000, 0x0000000082800000| Complete 
|  41|0x0000000082900000, 0x0000000082a00000, 0x0000000082a00000|100%| O|  |TAMS 0x0000000082a00000, 0x0000000082900000| Untracked 
|  42|0x0000000082a00000, 0x0000000082b00000, 0x0000000082b00000|100%|HS|  |TAMS 0x0000000082b00000, 0x0000000082a00000| Complete 
|  43|0x0000000082b00000, 0x0000000082c00000, 0x0000000082c00000|100%|HS|  |TAMS 0x0000000082c00000, 0x0000000082b00000| Complete 
|  44|0x0000000082c00000, 0x0000000082d00000, 0x0000000082d00000|100%|HC|  |TAMS 0x0000000082d00000, 0x0000000082c00000| Complete 
|  45|0x0000000082d00000, 0x0000000082e00000, 0x0000000082e00000|100%|HC|  |TAMS 0x0000000082e00000, 0x0000000082d00000| Complete 
|  46|0x0000000082e00000, 0x0000000082f00000, 0x0000000082f00000|100%|HC|  |TAMS 0x0000000082f00000, 0x0000000082e00000| Complete 
|  47|0x0000000082f00000, 0x0000000083000000, 0x0000000083000000|100%| O|  |TAMS 0x0000000083000000, 0x0000000082f00000| Untracked 
|  48|0x0000000083000000, 0x0000000083100000, 0x0000000083100000|100%| O|  |TAMS 0x0000000083100000, 0x0000000083000000| Untracked 
|  49|0x0000000083100000, 0x0000000083200000, 0x0000000083200000|100%| O|  |TAMS 0x0000000083200000, 0x0000000083100000| Untracked 
|  50|0x0000000083200000, 0x0000000083300000, 0x0000000083300000|100%| O|  |TAMS 0x0000000083300000, 0x0000000083200000| Untracked 
|  51|0x0000000083300000, 0x0000000083400000, 0x0000000083400000|100%| O|  |TAMS 0x0000000083400000, 0x0000000083300000| Untracked 
|  52|0x0000000083400000, 0x0000000083500000, 0x0000000083500000|100%| O|  |TAMS 0x0000000083500000, 0x0000000083400000| Untracked 
|  53|0x0000000083500000, 0x0000000083600000, 0x0000000083600000|100%| O|  |TAMS 0x0000000083600000, 0x0000000083500000| Untracked 
|  54|0x0000000083600000, 0x0000000083700000, 0x0000000083700000|100%| O|  |TAMS 0x0000000083700000, 0x0000000083600000| Untracked 
|  55|0x0000000083700000, 0x0000000083800000, 0x0000000083800000|100%| O|  |TAMS 0x0000000083800000, 0x0000000083700000| Untracked 
|  56|0x0000000083800000, 0x0000000083900000, 0x0000000083900000|100%| O|  |TAMS 0x0000000083900000, 0x0000000083800000| Untracked 
|  57|0x0000000083900000, 0x0000000083a00000, 0x0000000083a00000|100%| O|  |TAMS 0x0000000083a00000, 0x0000000083900000| Untracked 
|  58|0x0000000083a00000, 0x0000000083b00000, 0x0000000083b00000|100%| O|  |TAMS 0x0000000083b00000, 0x0000000083a00000| Untracked 
|  59|0x0000000083b00000, 0x0000000083c00000, 0x0000000083c00000|100%| O|  |TAMS 0x0000000083c00000, 0x0000000083b00000| Untracked 
|  60|0x0000000083c00000, 0x0000000083d00000, 0x0000000083d00000|100%| O|  |TAMS 0x0000000083d00000, 0x0000000083c00000| Untracked 
|  61|0x0000000083d00000, 0x0000000083e00000, 0x0000000083e00000|100%| O|  |TAMS 0x0000000083e00000, 0x0000000083d00000| Untracked 
|  62|0x0000000083e00000, 0x0000000083f00000, 0x0000000083f00000|100%| O|  |TAMS 0x0000000083f00000, 0x0000000083e00000| Untracked 
|  63|0x0000000083f00000, 0x0000000084000000, 0x0000000084000000|100%| O|  |TAMS 0x0000000084000000, 0x0000000083f00000| Untracked 
|  64|0x0000000084000000, 0x0000000084100000, 0x0000000084100000|100%| O|  |TAMS 0x0000000084100000, 0x0000000084000000| Untracked 
|  65|0x0000000084100000, 0x0000000084200000, 0x0000000084200000|100%| O|  |TAMS 0x0000000084100000, 0x0000000084100000| Untracked 
|  66|0x0000000084200000, 0x0000000084300000, 0x0000000084300000|100%| O|  |TAMS 0x0000000084300000, 0x0000000084200000| Untracked 
|  67|0x0000000084300000, 0x0000000084400000, 0x0000000084400000|100%| O|  |TAMS 0x0000000084400000, 0x0000000084300000| Untracked 
|  68|0x0000000084400000, 0x0000000084500000, 0x0000000084500000|100%| O|  |TAMS 0x0000000084500000, 0x0000000084400000| Untracked 
|  69|0x0000000084500000, 0x0000000084600000, 0x0000000084600000|100%| O|  |TAMS 0x0000000084600000, 0x0000000084500000| Untracked 
|  70|0x0000000084600000, 0x0000000084700000, 0x0000000084700000|100%| O|  |TAMS 0x0000000084700000, 0x0000000084600000| Untracked 
|  71|0x0000000084700000, 0x0000000084800000, 0x0000000084800000|100%| O|  |TAMS 0x0000000084800000, 0x0000000084700000| Untracked 
|  72|0x0000000084800000, 0x0000000084900000, 0x0000000084900000|100%| O|  |TAMS 0x0000000084900000, 0x0000000084800000| Untracked 
|  73|0x0000000084900000, 0x0000000084a00000, 0x0000000084a00000|100%| O|  |TAMS 0x0000000084a00000, 0x0000000084900000| Untracked 
|  74|0x0000000084a00000, 0x0000000084b00000, 0x0000000084b00000|100%| O|  |TAMS 0x0000000084b00000, 0x0000000084a00000| Untracked 
|  75|0x0000000084b00000, 0x0000000084c00000, 0x0000000084c00000|100%| O|  |TAMS 0x0000000084c00000, 0x0000000084b00000| Untracked 
|  76|0x0000000084c00000, 0x0000000084d00000, 0x0000000084d00000|100%| O|  |TAMS 0x0000000084d00000, 0x0000000084c00000| Untracked 
|  77|0x0000000084d00000, 0x0000000084e00000, 0x0000000084e00000|100%| O|  |TAMS 0x0000000084e00000, 0x0000000084d00000| Untracked 
|  78|0x0000000084e00000, 0x0000000084f00000, 0x0000000084f00000|100%| O|  |TAMS 0x0000000084f00000, 0x0000000084e00000| Untracked 
|  79|0x0000000084f00000, 0x0000000085000000, 0x0000000085000000|100%| O|  |TAMS 0x0000000085000000, 0x0000000084f00000| Untracked 
|  80|0x0000000085000000, 0x0000000085100000, 0x0000000085100000|100%| O|  |TAMS 0x0000000085100000, 0x0000000085000000| Untracked 
|  81|0x0000000085100000, 0x0000000085200000, 0x0000000085200000|100%| O|  |TAMS 0x0000000085200000, 0x0000000085100000| Untracked 
|  82|0x0000000085200000, 0x0000000085300000, 0x0000000085300000|100%| O|  |TAMS 0x0000000085300000, 0x0000000085200000| Untracked 
|  83|0x0000000085300000, 0x0000000085400000, 0x0000000085400000|100%| O|  |TAMS 0x0000000085400000, 0x0000000085300000| Untracked 
|  84|0x0000000085400000, 0x0000000085500000, 0x0000000085500000|100%| O|  |TAMS 0x0000000085500000, 0x0000000085400000| Untracked 
|  85|0x0000000085500000, 0x0000000085600000, 0x0000000085600000|100%| O|  |TAMS 0x0000000085600000, 0x0000000085500000| Untracked 
|  86|0x0000000085600000, 0x0000000085700000, 0x0000000085700000|100%| O|  |TAMS 0x0000000085700000, 0x0000000085600000| Untracked 
|  87|0x0000000085700000, 0x0000000085800000, 0x0000000085800000|100%| O|  |TAMS 0x0000000085800000, 0x0000000085700000| Untracked 
|  88|0x0000000085800000, 0x0000000085900000, 0x0000000085900000|100%| O|  |TAMS 0x0000000085900000, 0x0000000085800000| Untracked 
|  89|0x0000000085900000, 0x0000000085a00000, 0x0000000085a00000|100%| O|  |TAMS 0x0000000085a00000, 0x0000000085900000| Untracked 
|  90|0x0000000085a00000, 0x0000000085b00000, 0x0000000085b00000|100%| O|  |TAMS 0x0000000085b00000, 0x0000000085a00000| Untracked 
|  91|0x0000000085b00000, 0x0000000085c00000, 0x0000000085c00000|100%| O|  |TAMS 0x0000000085c00000, 0x0000000085b00000| Untracked 
|  92|0x0000000085c00000, 0x0000000085d00000, 0x0000000085d00000|100%| O|  |TAMS 0x0000000085d00000, 0x0000000085c00000| Untracked 
|  93|0x0000000085d00000, 0x0000000085e00000, 0x0000000085e00000|100%| O|  |TAMS 0x0000000085e00000, 0x0000000085d00000| Untracked 
|  94|0x0000000085e00000, 0x0000000085f00000, 0x0000000085f00000|100%| O|  |TAMS 0x0000000085e00000, 0x0000000085e00000| Untracked 
|  95|0x0000000085f00000, 0x0000000086000000, 0x0000000086000000|100%| O|  |TAMS 0x0000000086000000, 0x0000000085f00000| Untracked 
|  96|0x0000000086000000, 0x0000000086100000, 0x0000000086100000|100%| O|  |TAMS 0x0000000086100000, 0x0000000086000000| Untracked 
|  97|0x0000000086100000, 0x0000000086200000, 0x0000000086200000|100%| O|  |TAMS 0x0000000086200000, 0x0000000086100000| Untracked 
|  98|0x0000000086200000, 0x0000000086300000, 0x0000000086300000|100%| O|  |TAMS 0x0000000086300000, 0x0000000086200000| Untracked 
|  99|0x0000000086300000, 0x0000000086400000, 0x0000000086400000|100%|HS|  |TAMS 0x0000000086400000, 0x0000000086300000| Complete 
| 100|0x0000000086400000, 0x0000000086500000, 0x0000000086500000|100%|HS|  |TAMS 0x0000000086500000, 0x0000000086400000| Complete 
| 101|0x0000000086500000, 0x0000000086600000, 0x0000000086600000|100%|HC|  |TAMS 0x0000000086600000, 0x0000000086500000| Complete 
| 102|0x0000000086600000, 0x0000000086700000, 0x0000000086700000|100%|HS|  |TAMS 0x0000000086700000, 0x0000000086600000| Complete 
| 103|0x0000000086700000, 0x0000000086800000, 0x0000000086800000|100%|HS|  |TAMS 0x0000000086800000, 0x0000000086700000| Complete 
| 104|0x0000000086800000, 0x0000000086900000, 0x0000000086900000|100%|HC|  |TAMS 0x0000000086900000, 0x0000000086800000| Complete 
| 105|0x0000000086900000, 0x0000000086a00000, 0x0000000086a00000|100%|HS|  |TAMS 0x0000000086a00000, 0x0000000086900000| Complete 
| 106|0x0000000086a00000, 0x0000000086b00000, 0x0000000086b00000|100%|HC|  |TAMS 0x0000000086b00000, 0x0000000086a00000| Complete 
| 107|0x0000000086b00000, 0x0000000086c00000, 0x0000000086c00000|100%|HC|  |TAMS 0x0000000086c00000, 0x0000000086b00000| Complete 
| 108|0x0000000086c00000, 0x0000000086d00000, 0x0000000086d00000|100%|HS|  |TAMS 0x0000000086d00000, 0x0000000086c00000| Complete 
| 109|0x0000000086d00000, 0x0000000086e00000, 0x0000000086e00000|100%|HS|  |TAMS 0x0000000086e00000, 0x0000000086d00000| Complete 
| 110|0x0000000086e00000, 0x0000000086f00000, 0x0000000086f00000|100%|HC|  |TAMS 0x0000000086f00000, 0x0000000086e00000| Complete 
| 111|0x0000000086f00000, 0x0000000087000000, 0x0000000087000000|100%|HC|  |TAMS 0x0000000087000000, 0x0000000086f00000| Complete 
| 112|0x0000000087000000, 0x0000000087100000, 0x0000000087100000|100%|HS|  |TAMS 0x0000000087100000, 0x0000000087000000| Complete 
| 113|0x0000000087100000, 0x0000000087200000, 0x0000000087200000|100%|HC|  |TAMS 0x0000000087200000, 0x0000000087100000| Complete 
| 114|0x0000000087200000, 0x0000000087300000, 0x0000000087300000|100%|HS|  |TAMS 0x0000000087300000, 0x0000000087200000| Complete 
| 115|0x0000000087300000, 0x0000000087400000, 0x0000000087400000|100%|HC|  |TAMS 0x0000000087400000, 0x0000000087300000| Complete 
| 116|0x0000000087400000, 0x0000000087500000, 0x0000000087500000|100%|HS|  |TAMS 0x0000000087500000, 0x0000000087400000| Complete 
| 117|0x0000000087500000, 0x0000000087600000, 0x0000000087600000|100%|HC|  |TAMS 0x0000000087600000, 0x0000000087500000| Complete 
| 118|0x0000000087600000, 0x0000000087700000, 0x0000000087700000|100%|HS|  |TAMS 0x0000000087700000, 0x0000000087600000| Complete 
| 119|0x0000000087700000, 0x0000000087800000, 0x0000000087800000|100%|HC|  |TAMS 0x0000000087800000, 0x0000000087700000| Complete 
| 120|0x0000000087800000, 0x0000000087900000, 0x0000000087900000|100%|HC|  |TAMS 0x0000000087900000, 0x0000000087800000| Complete 
| 121|0x0000000087900000, 0x0000000087a00000, 0x0000000087a00000|100%| O|  |TAMS 0x0000000087900000, 0x0000000087900000| Untracked 
| 122|0x0000000087a00000, 0x0000000087b00000, 0x0000000087b00000|100%|HS|  |TAMS 0x0000000087b00000, 0x0000000087a00000| Complete 
| 123|0x0000000087b00000, 0x0000000087c00000, 0x0000000087c00000|100%|HS|  |TAMS 0x0000000087c00000, 0x0000000087b00000| Complete 
| 124|0x0000000087c00000, 0x0000000087d00000, 0x0000000087d00000|100%| O|  |TAMS 0x0000000087d00000, 0x0000000087c00000| Untracked 
| 125|0x0000000087d00000, 0x0000000087e00000, 0x0000000087e00000|100%| O|  |TAMS 0x0000000087e00000, 0x0000000087d00000| Untracked 
| 126|0x0000000087e00000, 0x0000000087f00000, 0x0000000087f00000|100%|HS|  |TAMS 0x0000000087f00000, 0x0000000087e00000| Complete 
| 127|0x0000000087f00000, 0x0000000088000000, 0x0000000088000000|100%|HC|  |TAMS 0x0000000088000000, 0x0000000087f00000| Complete 
| 128|0x0000000088000000, 0x0000000088100000, 0x0000000088100000|100%| O|  |TAMS 0x0000000088100000, 0x0000000088000000| Untracked 
| 129|0x0000000088100000, 0x0000000088100000, 0x0000000088200000|  0%| F|  |TAMS 0x0000000088100000, 0x0000000088100000| Untracked 
| 130|0x0000000088200000, 0x0000000088300000, 0x0000000088300000|100%| O|  |TAMS 0x0000000088300000, 0x0000000088200000| Untracked 
| 131|0x0000000088300000, 0x0000000088400000, 0x0000000088400000|100%| O|  |TAMS 0x0000000088400000, 0x0000000088300000| Untracked 
| 132|0x0000000088400000, 0x0000000088500000, 0x0000000088500000|100%|HS|  |TAMS 0x0000000088500000, 0x0000000088400000| Complete 
| 133|0x0000000088500000, 0x0000000088500000, 0x0000000088600000|  0%| F|  |TAMS 0x0000000088500000, 0x0000000088500000| Untracked 
| 134|0x0000000088600000, 0x0000000088700000, 0x0000000088700000|100%| O|  |TAMS 0x0000000088700000, 0x0000000088600000| Untracked 
| 135|0x0000000088700000, 0x0000000088700000, 0x0000000088800000|  0%| F|  |TAMS 0x0000000088700000, 0x0000000088700000| Untracked 
| 136|0x0000000088800000, 0x0000000088900000, 0x0000000088900000|100%| O|  |TAMS 0x0000000088800000, 0x0000000088800000| Untracked 
| 137|0x0000000088900000, 0x0000000088a00000, 0x0000000088a00000|100%| O|  |TAMS 0x0000000088900000, 0x0000000088900000| Untracked 
| 138|0x0000000088a00000, 0x0000000088b00000, 0x0000000088b00000|100%|HS|  |TAMS 0x0000000088b00000, 0x0000000088a00000| Complete 
| 139|0x0000000088b00000, 0x0000000088c00000, 0x0000000088c00000|100%|HC|  |TAMS 0x0000000088c00000, 0x0000000088b00000| Complete 
| 140|0x0000000088c00000, 0x0000000088d00000, 0x0000000088d00000|100%| O|  |TAMS 0x0000000088c00000, 0x0000000088c00000| Untracked 
| 141|0x0000000088d00000, 0x0000000088e00000, 0x0000000088e00000|100%| O|  |TAMS 0x0000000088d00000, 0x0000000088d00000| Untracked 
| 142|0x0000000088e00000, 0x0000000088f00000, 0x0000000088f00000|100%|HS|  |TAMS 0x0000000088f00000, 0x0000000088e00000| Complete 
| 143|0x0000000088f00000, 0x0000000089000000, 0x0000000089000000|100%|HC|  |TAMS 0x0000000089000000, 0x0000000088f00000| Complete 
| 144|0x0000000089000000, 0x0000000089100000, 0x0000000089100000|100%|HS|  |TAMS 0x0000000089100000, 0x0000000089000000| Complete 
| 145|0x0000000089100000, 0x0000000089200000, 0x0000000089200000|100%|HC|  |TAMS 0x0000000089200000, 0x0000000089100000| Complete 
| 146|0x0000000089200000, 0x0000000089300000, 0x0000000089300000|100%|HC|  |TAMS 0x0000000089300000, 0x0000000089200000| Complete 
| 147|0x0000000089300000, 0x0000000089400000, 0x0000000089400000|100%|HS|  |TAMS 0x0000000089300000, 0x0000000089300000| Complete 
| 148|0x0000000089400000, 0x0000000089500000, 0x0000000089500000|100%|HC|  |TAMS 0x0000000089400000, 0x0000000089400000| Complete 
| 149|0x0000000089500000, 0x0000000089600000, 0x0000000089600000|100%| O|  |TAMS 0x0000000089500000, 0x0000000089500000| Untracked 
| 150|0x0000000089600000, 0x0000000089700000, 0x0000000089700000|100%|HS|  |TAMS 0x0000000089700000, 0x0000000089600000| Complete 
| 151|0x0000000089700000, 0x0000000089800000, 0x0000000089800000|100%|HC|  |TAMS 0x0000000089800000, 0x0000000089700000| Complete 
| 152|0x0000000089800000, 0x0000000089900000, 0x0000000089900000|100%|HC|  |TAMS 0x0000000089900000, 0x0000000089800000| Complete 
| 153|0x0000000089900000, 0x0000000089a00000, 0x0000000089a00000|100%| O|  |TAMS 0x0000000089a00000, 0x0000000089900000| Untracked 
| 154|0x0000000089a00000, 0x0000000089b00000, 0x0000000089b00000|100%| O|  |TAMS 0x0000000089b00000, 0x0000000089a00000| Untracked 
| 155|0x0000000089b00000, 0x0000000089c00000, 0x0000000089c00000|100%| O|  |TAMS 0x0000000089c00000, 0x0000000089b00000| Untracked 
| 156|0x0000000089c00000, 0x0000000089d00000, 0x0000000089d00000|100%| O|  |TAMS 0x0000000089d00000, 0x0000000089c00000| Untracked 
| 157|0x0000000089d00000, 0x0000000089e00000, 0x0000000089e00000|100%| O|  |TAMS 0x0000000089e00000, 0x0000000089d00000| Untracked 
| 158|0x0000000089e00000, 0x0000000089f00000, 0x0000000089f00000|100%|HS|  |TAMS 0x0000000089f00000, 0x0000000089e00000| Complete 
| 159|0x0000000089f00000, 0x000000008a000000, 0x000000008a000000|100%|HC|  |TAMS 0x000000008a000000, 0x0000000089f00000| Complete 
| 160|0x000000008a000000, 0x000000008a100000, 0x000000008a100000|100%| O|  |TAMS 0x000000008a000000, 0x000000008a000000| Untracked 
| 161|0x000000008a100000, 0x000000008a200000, 0x000000008a200000|100%| O|  |TAMS 0x000000008a100000, 0x000000008a100000| Untracked 
| 162|0x000000008a200000, 0x000000008a251a00, 0x000000008a300000| 31%| O|  |TAMS 0x000000008a200000, 0x000000008a200000| Untracked 
| 163|0x000000008a300000, 0x000000008a300000, 0x000000008a400000|  0%| F|  |TAMS 0x000000008a300000, 0x000000008a300000| Untracked 
| 164|0x000000008a400000, 0x000000008a400000, 0x000000008a500000|  0%| F|  |TAMS 0x000000008a400000, 0x000000008a400000| Untracked 
| 165|0x000000008a500000, 0x000000008a600000, 0x000000008a600000|100%|HS|  |TAMS 0x000000008a500000, 0x000000008a500000| Complete 
| 166|0x000000008a600000, 0x000000008a700000, 0x000000008a700000|100%|HC|  |TAMS 0x000000008a600000, 0x000000008a600000| Complete 
| 167|0x000000008a700000, 0x000000008a800000, 0x000000008a800000|100%|HC|  |TAMS 0x000000008a700000, 0x000000008a700000| Complete 
| 168|0x000000008a800000, 0x000000008a900000, 0x000000008a900000|100%| O|  |TAMS 0x000000008a800000, 0x000000008a800000| Untracked 
| 169|0x000000008a900000, 0x000000008aa00000, 0x000000008aa00000|100%| O|  |TAMS 0x000000008a900000, 0x000000008a900000| Untracked 
| 170|0x000000008aa00000, 0x000000008aa00000, 0x000000008ab00000|  0%| F|  |TAMS 0x000000008aa00000, 0x000000008aa00000| Untracked 
| 171|0x000000008ab00000, 0x000000008ab00000, 0x000000008ac00000|  0%| F|  |TAMS 0x000000008ab00000, 0x000000008ab00000| Untracked 
| 172|0x000000008ac00000, 0x000000008ac00000, 0x000000008ad00000|  0%| F|  |TAMS 0x000000008ac00000, 0x000000008ac00000| Untracked 
| 173|0x000000008ad00000, 0x000000008ad00000, 0x000000008ae00000|  0%| F|  |TAMS 0x000000008ad00000, 0x000000008ad00000| Untracked 
| 174|0x000000008ae00000, 0x000000008ae00000, 0x000000008af00000|  0%| F|  |TAMS 0x000000008ae00000, 0x000000008ae00000| Untracked 
| 175|0x000000008af00000, 0x000000008af00000, 0x000000008b000000|  0%| F|  |TAMS 0x000000008af00000, 0x000000008af00000| Untracked 
| 176|0x000000008b000000, 0x000000008b000000, 0x000000008b100000|  0%| F|  |TAMS 0x000000008b000000, 0x000000008b000000| Untracked 
| 177|0x000000008b100000, 0x000000008b100000, 0x000000008b200000|  0%| F|  |TAMS 0x000000008b100000, 0x000000008b100000| Untracked 
| 178|0x000000008b200000, 0x000000008b200000, 0x000000008b300000|  0%| F|  |TAMS 0x000000008b200000, 0x000000008b200000| Untracked 
| 179|0x000000008b300000, 0x000000008b300000, 0x000000008b400000|  0%| F|  |TAMS 0x000000008b300000, 0x000000008b300000| Untracked 
| 180|0x000000008b400000, 0x000000008b400000, 0x000000008b500000|  0%| F|  |TAMS 0x000000008b400000, 0x000000008b400000| Untracked 
| 181|0x000000008b500000, 0x000000008b500000, 0x000000008b600000|  0%| F|  |TAMS 0x000000008b500000, 0x000000008b500000| Untracked 
| 182|0x000000008b600000, 0x000000008b600000, 0x000000008b700000|  0%| F|  |TAMS 0x000000008b600000, 0x000000008b600000| Untracked 
| 183|0x000000008b700000, 0x000000008b700000, 0x000000008b800000|  0%| F|  |TAMS 0x000000008b700000, 0x000000008b700000| Untracked 
| 184|0x000000008b800000, 0x000000008b800000, 0x000000008b900000|  0%| F|  |TAMS 0x000000008b800000, 0x000000008b800000| Untracked 
| 185|0x000000008b900000, 0x000000008b900000, 0x000000008ba00000|  0%| F|  |TAMS 0x000000008b900000, 0x000000008b900000| Untracked 
| 186|0x000000008ba00000, 0x000000008ba00000, 0x000000008bb00000|  0%| F|  |TAMS 0x000000008ba00000, 0x000000008ba00000| Untracked 
| 187|0x000000008bb00000, 0x000000008bb00000, 0x000000008bc00000|  0%| F|  |TAMS 0x000000008bb00000, 0x000000008bb00000| Untracked 
| 188|0x000000008bc00000, 0x000000008bc00000, 0x000000008bd00000|  0%| F|  |TAMS 0x000000008bc00000, 0x000000008bc00000| Untracked 
| 189|0x000000008bd00000, 0x000000008bd00000, 0x000000008be00000|  0%| F|  |TAMS 0x000000008bd00000, 0x000000008bd00000| Untracked 
| 190|0x000000008be00000, 0x000000008be00000, 0x000000008bf00000|  0%| F|  |TAMS 0x000000008be00000, 0x000000008be00000| Untracked 
| 191|0x000000008bf00000, 0x000000008bf00000, 0x000000008c000000|  0%| F|  |TAMS 0x000000008bf00000, 0x000000008bf00000| Untracked 
| 192|0x000000008c000000, 0x000000008c000000, 0x000000008c100000|  0%| F|  |TAMS 0x000000008c000000, 0x000000008c000000| Untracked 
| 193|0x000000008c100000, 0x000000008c100000, 0x000000008c200000|  0%| F|  |TAMS 0x000000008c100000, 0x000000008c100000| Untracked 
| 194|0x000000008c200000, 0x000000008c200000, 0x000000008c300000|  0%| F|  |TAMS 0x000000008c200000, 0x000000008c200000| Untracked 
| 195|0x000000008c300000, 0x000000008c300000, 0x000000008c400000|  0%| F|  |TAMS 0x000000008c300000, 0x000000008c300000| Untracked 
| 196|0x000000008c400000, 0x000000008c400000, 0x000000008c500000|  0%| F|  |TAMS 0x000000008c400000, 0x000000008c400000| Untracked 
| 197|0x000000008c500000, 0x000000008c500000, 0x000000008c600000|  0%| F|  |TAMS 0x000000008c500000, 0x000000008c500000| Untracked 
| 198|0x000000008c600000, 0x000000008c600000, 0x000000008c700000|  0%| F|  |TAMS 0x000000008c600000, 0x000000008c600000| Untracked 
| 199|0x000000008c700000, 0x000000008c700000, 0x000000008c800000|  0%| F|  |TAMS 0x000000008c700000, 0x000000008c700000| Untracked 
| 200|0x000000008c800000, 0x000000008c800000, 0x000000008c900000|  0%| F|  |TAMS 0x000000008c800000, 0x000000008c800000| Untracked 
| 201|0x000000008c900000, 0x000000008c900000, 0x000000008ca00000|  0%| F|  |TAMS 0x000000008c900000, 0x000000008c900000| Untracked 
| 202|0x000000008ca00000, 0x000000008ca00000, 0x000000008cb00000|  0%| F|  |TAMS 0x000000008ca00000, 0x000000008ca00000| Untracked 
| 203|0x000000008cb00000, 0x000000008cb00000, 0x000000008cc00000|  0%| F|  |TAMS 0x000000008cb00000, 0x000000008cb00000| Untracked 
| 204|0x000000008cc00000, 0x000000008cc00000, 0x000000008cd00000|  0%| F|  |TAMS 0x000000008cc00000, 0x000000008cc00000| Untracked 
| 205|0x000000008cd00000, 0x000000008cd00000, 0x000000008ce00000|  0%| F|  |TAMS 0x000000008cd00000, 0x000000008cd00000| Untracked 
| 206|0x000000008ce00000, 0x000000008ce00000, 0x000000008cf00000|  0%| F|  |TAMS 0x000000008ce00000, 0x000000008ce00000| Untracked 
| 207|0x000000008cf00000, 0x000000008cf00000, 0x000000008d000000|  0%| F|  |TAMS 0x000000008cf00000, 0x000000008cf00000| Untracked 
| 208|0x000000008d000000, 0x000000008d000000, 0x000000008d100000|  0%| F|  |TAMS 0x000000008d000000, 0x000000008d000000| Untracked 
| 209|0x000000008d100000, 0x000000008d100000, 0x000000008d200000|  0%| F|  |TAMS 0x000000008d100000, 0x000000008d100000| Untracked 
| 210|0x000000008d200000, 0x000000008d200000, 0x000000008d300000|  0%| F|  |TAMS 0x000000008d200000, 0x000000008d200000| Untracked 
| 211|0x000000008d300000, 0x000000008d300000, 0x000000008d400000|  0%| F|  |TAMS 0x000000008d300000, 0x000000008d300000| Untracked 
| 212|0x000000008d400000, 0x000000008d400000, 0x000000008d500000|  0%| F|  |TAMS 0x000000008d400000, 0x000000008d400000| Untracked 
| 213|0x000000008d500000, 0x000000008d500000, 0x000000008d600000|  0%| F|  |TAMS 0x000000008d500000, 0x000000008d500000| Untracked 
| 214|0x000000008d600000, 0x000000008d600000, 0x000000008d700000|  0%| F|  |TAMS 0x000000008d600000, 0x000000008d600000| Untracked 
| 215|0x000000008d700000, 0x000000008d700000, 0x000000008d800000|  0%| F|  |TAMS 0x000000008d700000, 0x000000008d700000| Untracked 
| 216|0x000000008d800000, 0x000000008d800000, 0x000000008d900000|  0%| F|  |TAMS 0x000000008d800000, 0x000000008d800000| Untracked 
| 217|0x000000008d900000, 0x000000008d900000, 0x000000008da00000|  0%| F|  |TAMS 0x000000008d900000, 0x000000008d900000| Untracked 
| 218|0x000000008da00000, 0x000000008da00000, 0x000000008db00000|  0%| F|  |TAMS 0x000000008da00000, 0x000000008da00000| Untracked 
| 219|0x000000008db00000, 0x000000008db00000, 0x000000008dc00000|  0%| F|  |TAMS 0x000000008db00000, 0x000000008db00000| Untracked 
| 220|0x000000008dc00000, 0x000000008dc00000, 0x000000008dd00000|  0%| F|  |TAMS 0x000000008dc00000, 0x000000008dc00000| Untracked 
| 221|0x000000008dd00000, 0x000000008dd00000, 0x000000008de00000|  0%| F|  |TAMS 0x000000008dd00000, 0x000000008dd00000| Untracked 
| 222|0x000000008de00000, 0x000000008de00000, 0x000000008df00000|  0%| F|  |TAMS 0x000000008de00000, 0x000000008de00000| Untracked 
| 223|0x000000008df00000, 0x000000008df00000, 0x000000008e000000|  0%| F|  |TAMS 0x000000008df00000, 0x000000008df00000| Untracked 
| 224|0x000000008e000000, 0x000000008e000000, 0x000000008e100000|  0%| F|  |TAMS 0x000000008e000000, 0x000000008e000000| Untracked 
| 225|0x000000008e100000, 0x000000008e100000, 0x000000008e200000|  0%| F|  |TAMS 0x000000008e100000, 0x000000008e100000| Untracked 
| 226|0x000000008e200000, 0x000000008e200000, 0x000000008e300000|  0%| F|  |TAMS 0x000000008e200000, 0x000000008e200000| Untracked 
| 227|0x000000008e300000, 0x000000008e300000, 0x000000008e400000|  0%| F|  |TAMS 0x000000008e300000, 0x000000008e300000| Untracked 
| 228|0x000000008e400000, 0x000000008e400000, 0x000000008e500000|  0%| F|  |TAMS 0x000000008e400000, 0x000000008e400000| Untracked 
| 229|0x000000008e500000, 0x000000008e500000, 0x000000008e600000|  0%| F|  |TAMS 0x000000008e500000, 0x000000008e500000| Untracked 
| 230|0x000000008e600000, 0x000000008e600000, 0x000000008e700000|  0%| F|  |TAMS 0x000000008e600000, 0x000000008e600000| Untracked 
| 231|0x000000008e700000, 0x000000008e700000, 0x000000008e800000|  0%| F|  |TAMS 0x000000008e700000, 0x000000008e700000| Untracked 
| 232|0x000000008e800000, 0x000000008e800000, 0x000000008e900000|  0%| F|  |TAMS 0x000000008e800000, 0x000000008e800000| Untracked 
| 233|0x000000008e900000, 0x000000008e900000, 0x000000008ea00000|  0%| F|  |TAMS 0x000000008e900000, 0x000000008e900000| Untracked 
| 234|0x000000008ea00000, 0x000000008ea00000, 0x000000008eb00000|  0%| F|  |TAMS 0x000000008ea00000, 0x000000008ea00000| Untracked 
| 235|0x000000008eb00000, 0x000000008eb00000, 0x000000008ec00000|  0%| F|  |TAMS 0x000000008eb00000, 0x000000008eb00000| Untracked 
| 236|0x000000008ec00000, 0x000000008ec00000, 0x000000008ed00000|  0%| F|  |TAMS 0x000000008ec00000, 0x000000008ec00000| Untracked 
| 237|0x000000008ed00000, 0x000000008ed00000, 0x000000008ee00000|  0%| F|  |TAMS 0x000000008ed00000, 0x000000008ed00000| Untracked 
| 238|0x000000008ee00000, 0x000000008ee00000, 0x000000008ef00000|  0%| F|  |TAMS 0x000000008ee00000, 0x000000008ee00000| Untracked 
| 239|0x000000008ef00000, 0x000000008ef00000, 0x000000008f000000|  0%| F|  |TAMS 0x000000008ef00000, 0x000000008ef00000| Untracked 
| 240|0x000000008f000000, 0x000000008f000000, 0x000000008f100000|  0%| F|  |TAMS 0x000000008f000000, 0x000000008f000000| Untracked 
| 241|0x000000008f100000, 0x000000008f100000, 0x000000008f200000|  0%| F|  |TAMS 0x000000008f100000, 0x000000008f100000| Untracked 
| 242|0x000000008f200000, 0x000000008f200000, 0x000000008f300000|  0%| F|  |TAMS 0x000000008f200000, 0x000000008f200000| Untracked 
| 243|0x000000008f300000, 0x000000008f300000, 0x000000008f400000|  0%| F|  |TAMS 0x000000008f300000, 0x000000008f300000| Untracked 
| 244|0x000000008f400000, 0x000000008f400000, 0x000000008f500000|  0%| F|  |TAMS 0x000000008f400000, 0x000000008f400000| Untracked 
| 245|0x000000008f500000, 0x000000008f500000, 0x000000008f600000|  0%| F|  |TAMS 0x000000008f500000, 0x000000008f500000| Untracked 
| 246|0x000000008f600000, 0x000000008f600000, 0x000000008f700000|  0%| F|  |TAMS 0x000000008f600000, 0x000000008f600000| Untracked 
| 247|0x000000008f700000, 0x000000008f700000, 0x000000008f800000|  0%| F|  |TAMS 0x000000008f700000, 0x000000008f700000| Untracked 
| 248|0x000000008f800000, 0x000000008f800000, 0x000000008f900000|  0%| F|  |TAMS 0x000000008f800000, 0x000000008f800000| Untracked 
| 249|0x000000008f900000, 0x000000008f900000, 0x000000008fa00000|  0%| F|  |TAMS 0x000000008f900000, 0x000000008f900000| Untracked 
| 250|0x000000008fa00000, 0x000000008fa00000, 0x000000008fb00000|  0%| F|  |TAMS 0x000000008fa00000, 0x000000008fa00000| Untracked 
| 251|0x000000008fb00000, 0x000000008fb00000, 0x000000008fc00000|  0%| F|  |TAMS 0x000000008fb00000, 0x000000008fb00000| Untracked 
| 252|0x000000008fc00000, 0x000000008fc00000, 0x000000008fd00000|  0%| F|  |TAMS 0x000000008fc00000, 0x000000008fc00000| Untracked 
| 253|0x000000008fd00000, 0x000000008fd00000, 0x000000008fe00000|  0%| F|  |TAMS 0x000000008fd00000, 0x000000008fd00000| Untracked 
| 254|0x000000008fe00000, 0x000000008fe00000, 0x000000008ff00000|  0%| F|  |TAMS 0x000000008fe00000, 0x000000008fe00000| Untracked 
| 255|0x000000008ff00000, 0x000000008ff00000, 0x0000000090000000|  0%| F|  |TAMS 0x000000008ff00000, 0x000000008ff00000| Untracked 
| 256|0x0000000090000000, 0x0000000090000000, 0x0000000090100000|  0%| F|  |TAMS 0x0000000090000000, 0x0000000090000000| Untracked 
| 257|0x0000000090100000, 0x0000000090100000, 0x0000000090200000|  0%| F|  |TAMS 0x0000000090100000, 0x0000000090100000| Untracked 
| 258|0x0000000090200000, 0x0000000090200000, 0x0000000090300000|  0%| F|  |TAMS 0x0000000090200000, 0x0000000090200000| Untracked 
| 259|0x0000000090300000, 0x0000000090300000, 0x0000000090400000|  0%| F|  |TAMS 0x0000000090300000, 0x0000000090300000| Untracked 
| 260|0x0000000090400000, 0x0000000090400000, 0x0000000090500000|  0%| F|  |TAMS 0x0000000090400000, 0x0000000090400000| Untracked 
| 261|0x0000000090500000, 0x0000000090500000, 0x0000000090600000|  0%| F|  |TAMS 0x0000000090500000, 0x0000000090500000| Untracked 
| 262|0x0000000090600000, 0x0000000090600000, 0x0000000090700000|  0%| F|  |TAMS 0x0000000090600000, 0x0000000090600000| Untracked 
| 263|0x0000000090700000, 0x0000000090700000, 0x0000000090800000|  0%| F|  |TAMS 0x0000000090700000, 0x0000000090700000| Untracked 
| 264|0x0000000090800000, 0x0000000090800000, 0x0000000090900000|  0%| F|  |TAMS 0x0000000090800000, 0x0000000090800000| Untracked 
| 265|0x0000000090900000, 0x0000000090900000, 0x0000000090a00000|  0%| F|  |TAMS 0x0000000090900000, 0x0000000090900000| Untracked 
| 266|0x0000000090a00000, 0x0000000090a00000, 0x0000000090b00000|  0%| F|  |TAMS 0x0000000090a00000, 0x0000000090a00000| Untracked 
| 267|0x0000000090b00000, 0x0000000090b00000, 0x0000000090c00000|  0%| F|  |TAMS 0x0000000090b00000, 0x0000000090b00000| Untracked 
| 268|0x0000000090c00000, 0x0000000090c00000, 0x0000000090d00000|  0%| F|  |TAMS 0x0000000090c00000, 0x0000000090c00000| Untracked 
| 269|0x0000000090d00000, 0x0000000090d00000, 0x0000000090e00000|  0%| F|  |TAMS 0x0000000090d00000, 0x0000000090d00000| Untracked 
| 270|0x0000000090e00000, 0x0000000090e00000, 0x0000000090f00000|  0%| F|  |TAMS 0x0000000090e00000, 0x0000000090e00000| Untracked 
| 271|0x0000000090f00000, 0x0000000090f00000, 0x0000000091000000|  0%| F|  |TAMS 0x0000000090f00000, 0x0000000090f00000| Untracked 
| 272|0x0000000091000000, 0x0000000091100000, 0x0000000091100000|100%| S|CS|TAMS 0x0000000091000000, 0x0000000091000000| Complete 
| 273|0x0000000091100000, 0x0000000091200000, 0x0000000091200000|100%| S|CS|TAMS 0x0000000091100000, 0x0000000091100000| Complete 
| 274|0x0000000091200000, 0x0000000091200000, 0x0000000091300000|  0%| F|  |TAMS 0x0000000091200000, 0x0000000091200000| Untracked 
| 275|0x0000000091300000, 0x0000000091300000, 0x0000000091400000|  0%| F|  |TAMS 0x0000000091300000, 0x0000000091300000| Untracked 
| 276|0x0000000091400000, 0x0000000091400000, 0x0000000091500000|  0%| F|  |TAMS 0x0000000091400000, 0x0000000091400000| Untracked 
| 277|0x0000000091500000, 0x0000000091500000, 0x0000000091600000|  0%| F|  |TAMS 0x0000000091500000, 0x0000000091500000| Untracked 
| 278|0x0000000091600000, 0x0000000091600000, 0x0000000091700000|  0%| F|  |TAMS 0x0000000091600000, 0x0000000091600000| Untracked 
| 279|0x0000000091700000, 0x0000000091700000, 0x0000000091800000|  0%| F|  |TAMS 0x0000000091700000, 0x0000000091700000| Untracked 
| 280|0x0000000091800000, 0x0000000091800000, 0x0000000091900000|  0%| F|  |TAMS 0x0000000091800000, 0x0000000091800000| Untracked 
| 281|0x0000000091900000, 0x0000000091900000, 0x0000000091a00000|  0%| F|  |TAMS 0x0000000091900000, 0x0000000091900000| Untracked 
| 282|0x0000000091a00000, 0x0000000091a00000, 0x0000000091b00000|  0%| F|  |TAMS 0x0000000091a00000, 0x0000000091a00000| Untracked 
| 283|0x0000000091b00000, 0x0000000091b00000, 0x0000000091c00000|  0%| F|  |TAMS 0x0000000091b00000, 0x0000000091b00000| Untracked 
| 284|0x0000000091c00000, 0x0000000091c00000, 0x0000000091d00000|  0%| F|  |TAMS 0x0000000091c00000, 0x0000000091c00000| Untracked 
| 285|0x0000000091d00000, 0x0000000091d00000, 0x0000000091e00000|  0%| F|  |TAMS 0x0000000091d00000, 0x0000000091d00000| Untracked 
| 286|0x0000000091e00000, 0x0000000091e00000, 0x0000000091f00000|  0%| F|  |TAMS 0x0000000091e00000, 0x0000000091e00000| Untracked 
| 287|0x0000000091f00000, 0x0000000091f00000, 0x0000000092000000|  0%| F|  |TAMS 0x0000000091f00000, 0x0000000091f00000| Untracked 
|2044|0x00000000ffc00000, 0x00000000ffd00000, 0x00000000ffd00000|100%| O|  |TAMS 0x00000000ffd00000, 0x00000000ffc00000| Untracked 
|2045|0x00000000ffd00000, 0x00000000ffe00000, 0x00000000ffe00000|100%| O|  |TAMS 0x00000000ffe00000, 0x00000000ffd00000| Untracked 
|2046|0x00000000ffe00000, 0x00000000fff00000, 0x00000000fff00000|100%| O|  |TAMS 0x00000000fff00000, 0x00000000ffe00000| Untracked 
|2047|0x00000000fff00000, 0x0000000100000000, 0x0000000100000000|100%| O|  |TAMS 0x0000000100000000, 0x00000000fff00000| Untracked 

Card table byte_map: [0x000001ac7d5d0000,0x000001ac7d9d0000] _byte_map_base: 0x000001ac7d1d0000

Marking Bits (Prev, Next): (CMBitMap*) 0x000001ac7d167b00, (CMBitMap*) 0x000001ac7d167b40
 Prev Bits: [0x000001ac7ddd0000, 0x000001ac7fdd0000)
 Next Bits: [0x000001ac12400000, 0x000001ac14400000)

Polling page: 0x000001ac7b050000

Metaspace:

Usage:
  Non-class:     95.97 MB used.
      Class:     14.66 MB used.
       Both:    110.63 MB used.

Virtual space:
  Non-class space:      104.00 MB reserved,      96.38 MB ( 93%) committed,  13 nodes.
      Class space:        1.00 GB reserved,      15.00 MB (  1%) committed,  1 nodes.
             Both:        1.10 GB reserved,     111.38 MB ( 10%) committed. 

Chunk freelists:
   Non-Class:  3.28 MB
       Class:  832.00 KB
        Both:  4.09 MB

MaxMetaspaceSize: unlimited
CompressedClassSpaceSize: 1.00 GB
Initial GC threshold: 21.00 MB
Current GC threshold: 185.31 MB
CDS: off
MetaspaceReclaimPolicy: balanced
 - commit_granule_bytes: 65536.
 - commit_granule_words: 8192.
 - virtual_space_node_default_size: 1048576.
 - enlarge_chunks_in_place: 1.
 - new_chunks_are_fully_committed: 0.
 - uncommit_free_chunks: 1.
 - use_allocation_guard: 0.
 - handle_deallocations: 1.


Internal statistics:

num_allocs_failed_limit: 6.
num_arena_births: 1140.
num_arena_deaths: 0.
num_vsnodes_births: 14.
num_vsnodes_deaths: 0.
num_space_committed: 1780.
num_space_uncommitted: 0.
num_chunks_returned_to_freelist: 6.
num_chunks_taken_from_freelist: 5226.
num_chunk_merges: 6.
num_chunk_splits: 3462.
num_chunks_enlarged: 2367.
num_purges: 0.
num_inconsistent_stats: 0.

CodeHeap 'non-profiled nmethods': size=120000Kb used=7789Kb max_used=8022Kb free=112211Kb
 bounds [0x000001ac0aed0000, 0x000001ac0b6c0000, 0x000001ac12400000]
CodeHeap 'profiled nmethods': size=120000Kb used=24132Kb max_used=25769Kb free=95867Kb
 bounds [0x000001ac03400000, 0x000001ac04d60000, 0x000001ac0a930000]
CodeHeap 'non-nmethods': size=5760Kb used=2448Kb max_used=2502Kb free=3311Kb
 bounds [0x000001ac0a930000, 0x000001ac0abb0000, 0x000001ac0aed0000]
 total_blobs=13216 nmethods=12228 adapters=899
 compilation: enabled
              stopped_count=0, restarted_count=0
 full_count=0

Compilation events (20 events):
Event: 232.845 Thread 0x000001ac1b72b320 14732       4       com.android.tools.r8.graph.p1::a (31 bytes)
Event: 232.973 Thread 0x000001ac1b72b320 nmethod 14732 0x000001ac0af9d010 code [0x000001ac0af9d1e0, 0x000001ac0af9e3e8]
Event: 232.977 Thread 0x000001ac1b72b320 14733       4       com.android.tools.r8.graph.j2::<init> (45 bytes)
Event: 233.002 Thread 0x000001ac1709c630 14736       3       com.android.tools.r8.internal.xk::c (41 bytes)
Event: 233.003 Thread 0x000001ac1709c630 nmethod 14736 0x000001ac03d52d10 code [0x000001ac03d52ea0, 0x000001ac03d53058]
Event: 233.003 Thread 0x000001ac1709c630 14737       3       com.android.tools.r8.internal.xk::b (16 bytes)
Event: 233.004 Thread 0x000001ac1709c630 nmethod 14737 0x000001ac03abd590 code [0x000001ac03abd740, 0x000001ac03abd9a8]
Event: 233.089 Thread 0x000001ac1b72b320 nmethod 14733 0x000001ac0b40f390 code [0x000001ac0b40f540, 0x000001ac0b410578]
Event: 233.090 Thread 0x000001ac1b72b320 14734       4       java.lang.Long::parseLong (272 bytes)
Event: 233.135 Thread 0x000001ac1b72b320 nmethod 14734 0x000001ac0b552e90 code [0x000001ac0b553040, 0x000001ac0b5537d8]
Event: 233.136 Thread 0x000001ac1b72b320 14735       4       com.android.tools.r8.graph.u2::c (45 bytes)
Event: 233.140 Thread 0x000001ac1b72b320 nmethod 14735 0x000001ac0b369f90 code [0x000001ac0b36a100, 0x000001ac0b36a2d8]
Event: 233.268 Thread 0x000001ac1b72b320 14738       4       com.android.tools.r8.internal.Xt::f (2010 bytes)
Event: 233.365 Thread 0x000001ac1b72b320 nmethod 14738 0x000001ac0b32a810 code [0x000001ac0b32aac0, 0x000001ac0b32b8b8]
Event: 233.367 Thread 0x000001ac1b72b320 14740       4       com.android.tools.r8.dex.B::k (52 bytes)
Event: 233.412 Thread 0x000001ac1b72b320 nmethod 14740 0x000001ac0afdc890 code [0x000001ac0afdca40, 0x000001ac0afdd078]
Event: 233.413 Thread 0x000001ac1b72b320 14739       4       com.android.tools.r8.graph.p1::d (134 bytes)
Event: 233.476 Thread 0x000001ac1b72b320 nmethod 14739 0x000001ac0b012d10 code [0x000001ac0b012ec0, 0x000001ac0b0137c8]
Event: 233.583 Thread 0x000001ac1670e1d0 nmethod 14687% 0x000001ac0b6a5910 code [0x000001ac0b6a5f20, 0x000001ac0b6ac948]
Event: 233.586 Thread 0x000001ac1b72b320 14741       4       com.android.tools.r8.dex.B::l (1921 bytes)

GC Heap History (20 events):
Event: 190.084 GC heap after
{Heap after GC invocations=64 (full 0):
 garbage-first heap   total 207872K, used 95773K [0x0000000080000000, 0x0000000100000000)
  region size 1024K, 11 young (11264K), 11 survivors (11264K)
 Metaspace       used 98245K, committed 98880K, reserved 1138688K
  class space    used 13202K, committed 13504K, reserved 1048576K
}
Event: 190.172 GC heap before
{Heap before GC invocations=64 (full 0):
 garbage-first heap   total 207872K, used 96797K [0x0000000080000000, 0x0000000100000000)
  region size 1024K, 12 young (12288K), 11 survivors (11264K)
 Metaspace       used 98245K, committed 98880K, reserved 1138688K
  class space    used 13202K, committed 13504K, reserved 1048576K
}
Event: 190.204 GC heap after
{Heap after GC invocations=65 (full 0):
 garbage-first heap   total 207872K, used 97843K [0x0000000080000000, 0x0000000100000000)
  region size 1024K, 2 young (2048K), 2 survivors (2048K)
 Metaspace       used 98245K, committed 98880K, reserved 1138688K
  class space    used 13202K, committed 13504K, reserved 1048576K
}
Event: 210.831 GC heap before
{Heap before GC invocations=65 (full 0):
 garbage-first heap   total 207872K, used 159283K [0x0000000080000000, 0x0000000100000000)
  region size 1024K, 63 young (64512K), 2 survivors (2048K)
 Metaspace       used 106736K, committed 107456K, reserved 1146880K
  class space    used 14236K, committed 14592K, reserved 1048576K
}
Event: 210.853 GC heap after
{Heap after GC invocations=66 (full 0):
 garbage-first heap   total 207872K, used 101177K [0x0000000080000000, 0x0000000100000000)
  region size 1024K, 6 young (6144K), 6 survivors (6144K)
 Metaspace       used 106736K, committed 107456K, reserved 1146880K
  class space    used 14236K, committed 14592K, reserved 1048576K
}
Event: 220.945 GC heap before
{Heap before GC invocations=66 (full 0):
 garbage-first heap   total 207872K, used 162617K [0x0000000080000000, 0x0000000100000000)
  region size 1024K, 67 young (68608K), 6 survivors (6144K)
 Metaspace       used 108458K, committed 109184K, reserved 1146880K
  class space    used 14346K, committed 14720K, reserved 1048576K
}
Event: 220.967 GC heap after
{Heap after GC invocations=67 (full 0):
 garbage-first heap   total 207872K, used 104440K [0x0000000080000000, 0x0000000100000000)
  region size 1024K, 4 young (4096K), 4 survivors (4096K)
 Metaspace       used 108458K, committed 109184K, reserved 1146880K
  class space    used 14346K, committed 14720K, reserved 1048576K
}
Event: 225.778 GC heap before
{Heap before GC invocations=67 (full 0):
 garbage-first heap   total 207872K, used 165880K [0x0000000080000000, 0x0000000100000000)
  region size 1024K, 65 young (66560K), 4 survivors (4096K)
 Metaspace       used 109555K, committed 110336K, reserved 1146880K
  class space    used 14484K, committed 14848K, reserved 1048576K
}
Event: 225.811 GC heap after
{Heap after GC invocations=68 (full 0):
 garbage-first heap   total 207872K, used 110133K [0x0000000080000000, 0x0000000100000000)
  region size 1024K, 9 young (9216K), 9 survivors (9216K)
 Metaspace       used 109555K, committed 110336K, reserved 1146880K
  class space    used 14484K, committed 14848K, reserved 1048576K
}
Event: 230.581 GC heap before
{Heap before GC invocations=69 (full 0):
 garbage-first heap   total 207872K, used 191029K [0x0000000080000000, 0x0000000100000000)
  region size 1024K, 45 young (46080K), 9 survivors (9216K)
 Metaspace       used 112990K, committed 113792K, reserved 1155072K
  class space    used 14968K, committed 15360K, reserved 1048576K
}
Event: 230.621 GC heap after
{Heap after GC invocations=70 (full 0):
 garbage-first heap   total 211968K, used 150417K [0x0000000080000000, 0x0000000100000000)
  region size 1024K, 9 young (9216K), 9 survivors (9216K)
 Metaspace       used 112990K, committed 113792K, reserved 1155072K
  class space    used 14968K, committed 15360K, reserved 1048576K
}
Event: 230.630 GC heap before
{Heap before GC invocations=70 (full 0):
 garbage-first heap   total 211968K, used 152465K [0x0000000080000000, 0x0000000100000000)
  region size 1024K, 10 young (10240K), 9 survivors (9216K)
 Metaspace       used 112991K, committed 113792K, reserved 1155072K
  class space    used 14968K, committed 15360K, reserved 1048576K
}
Event: 230.648 GC heap after
{Heap after GC invocations=71 (full 0):
 garbage-first heap   total 211968K, used 151371K [0x0000000080000000, 0x0000000100000000)
  region size 1024K, 1 young (1024K), 1 survivors (1024K)
 Metaspace       used 112991K, committed 113792K, reserved 1155072K
  class space    used 14968K, committed 15360K, reserved 1048576K
}
Event: 230.676 GC heap before
{Heap before GC invocations=71 (full 0):
 garbage-first heap   total 211968K, used 171851K [0x0000000080000000, 0x0000000100000000)
  region size 1024K, 8 young (8192K), 1 survivors (1024K)
 Metaspace       used 112996K, committed 113792K, reserved 1155072K
  class space    used 14968K, committed 15360K, reserved 1048576K
}
Event: 230.681 GC heap after
{Heap after GC invocations=72 (full 0):
 garbage-first heap   total 211968K, used 159659K [0x0000000080000000, 0x0000000100000000)
  region size 1024K, 3 young (3072K), 3 survivors (3072K)
 Metaspace       used 112996K, committed 113792K, reserved 1155072K
  class space    used 14968K, committed 15360K, reserved 1048576K
}
Event: 230.684 GC heap before
{Heap before GC invocations=72 (full 0):
 garbage-first heap   total 211968K, used 163755K [0x0000000080000000, 0x0000000100000000)
  region size 1024K, 4 young (4096K), 3 survivors (3072K)
 Metaspace       used 112996K, committed 113792K, reserved 1155072K
  class space    used 14968K, committed 15360K, reserved 1048576K
}
Event: 230.690 GC heap after
{Heap after GC invocations=73 (full 0):
 garbage-first heap   total 211968K, used 160921K [0x0000000080000000, 0x0000000100000000)
  region size 1024K, 1 young (1024K), 1 survivors (1024K)
 Metaspace       used 112996K, committed 113792K, reserved 1155072K
  class space    used 14968K, committed 15360K, reserved 1048576K
}
Event: 232.583 GC heap before
{Heap before GC invocations=74 (full 0):
 garbage-first heap   total 299008K, used 188569K [0x0000000080000000, 0x0000000100000000)
  region size 1024K, 15 young (15360K), 1 survivors (1024K)
 Metaspace       used 113288K, committed 114048K, reserved 1155072K
  class space    used 15015K, committed 15360K, reserved 1048576K
}
Event: 232.607 GC heap after
{Heap after GC invocations=75 (full 0):
 garbage-first heap   total 299008K, used 170893K [0x0000000080000000, 0x0000000100000000)
  region size 1024K, 2 young (2048K), 2 survivors (2048K)
 Metaspace       used 113288K, committed 114048K, reserved 1155072K
  class space    used 15015K, committed 15360K, reserved 1048576K
}
Event: 233.601 GC heap before
{Heap before GC invocations=75 (full 0):
 garbage-first heap   total 299008K, used 182157K [0x0000000080000000, 0x0000000100000000)
  region size 1024K, 14 young (14336K), 2 survivors (2048K)
 Metaspace       used 113289K, committed 114048K, reserved 1155072K
  class space    used 15015K, committed 15360K, reserved 1048576K
}

Dll operation events (2 events):
Event: 0.175 Loaded shared library C:\Program Files\Android\Android Studio1\jbr\bin\java.dll
Event: 10.821 Loaded shared library C:\Program Files\Android\Android Studio1\jbr\bin\verify.dll

Deoptimization events (20 events):
Event: 232.393 Thread 0x000001ac1a912060 DEOPT PACKING pc=0x000001ac0b54d52c sp=0x000000138f8fd8a0
Event: 232.393 Thread 0x000001ac1a912060 DEOPT UNPACKING pc=0x000001ac0a9869a3 sp=0x000000138f8fd768 mode 2
Event: 232.393 Thread 0x000001ac1a912060 Uncommon trap: trap_request=0xffffff45 fr.pc=0x000001ac0b51c890 relative=0x0000000000000090
Event: 232.393 Thread 0x000001ac1a912060 Uncommon trap: reason=unstable_if action=reinterpret pc=0x000001ac0b51c890 method=com.android.tools.r8.utils.j1.e(I)Z @ 45 c2
Event: 232.393 Thread 0x000001ac1a912060 DEOPT PACKING pc=0x000001ac0b51c890 sp=0x000000138f8fd820
Event: 232.393 Thread 0x000001ac1a912060 DEOPT UNPACKING pc=0x000001ac0a9869a3 sp=0x000000138f8fd758 mode 2
Event: 232.462 Thread 0x000001ac1a912060 Uncommon trap: trap_request=0xffffff45 fr.pc=0x000001ac0b4eed28 relative=0x00000000000010a8
Event: 232.462 Thread 0x000001ac1a912060 Uncommon trap: reason=unstable_if action=reinterpret pc=0x000001ac0b4eed28 method=com.android.tools.r8.utils.j1.e(I)Z @ 45 c2
Event: 232.462 Thread 0x000001ac1a912060 DEOPT PACKING pc=0x000001ac0b4eed28 sp=0x000000138f8fd920
Event: 232.462 Thread 0x000001ac1a912060 DEOPT UNPACKING pc=0x000001ac0a9869a3 sp=0x000000138f8fd708 mode 2
Event: 232.462 Thread 0x000001ac1a912060 Uncommon trap: trap_request=0xffffff45 fr.pc=0x000001ac0b119b5c relative=0x0000000000000efc
Event: 232.463 Thread 0x000001ac1a912060 Uncommon trap: reason=unstable_if action=reinterpret pc=0x000001ac0b119b5c method=com.android.tools.r8.utils.j1.e(I)Z @ 45 c2
Event: 232.464 Thread 0x000001ac1a912060 DEOPT PACKING pc=0x000001ac0b119b5c sp=0x000000138f8fd880
Event: 232.464 Thread 0x000001ac1a912060 DEOPT UNPACKING pc=0x000001ac0a9869a3 sp=0x000000138f8fd6f8 mode 2
Event: 232.464 Thread 0x000001ac1a912060 Uncommon trap: trap_request=0xffffff45 fr.pc=0x000001ac0b08bb84 relative=0x00000000000003e4
Event: 232.464 Thread 0x000001ac1a912060 Uncommon trap: reason=unstable_if action=reinterpret pc=0x000001ac0b08bb84 method=com.android.tools.r8.utils.j1.e(I)Z @ 45 c2
Event: 232.464 Thread 0x000001ac1a912060 DEOPT PACKING pc=0x000001ac0b08bb84 sp=0x000000138f8fd870
Event: 232.464 Thread 0x000001ac1a912060 DEOPT UNPACKING pc=0x000001ac0a9869a3 sp=0x000000138f8fd740 mode 2
Event: 233.587 Thread 0x000001ac1a912060 DEOPT PACKING pc=0x000001ac04d3da8d sp=0x000000138f8fd9e0
Event: 233.587 Thread 0x000001ac1a912060 DEOPT UNPACKING pc=0x000001ac0a987143 sp=0x000000138f8fd020 mode 0

Classes unloaded (0 events):
No events

Classes redefined (0 events):
No events

Internal exceptions (20 events):
Event: 221.707 Thread 0x000001ac1a6df220 Exception <a 'sun/nio/fs/WindowsException'{0x000000008c61fb38}> (0x000000008c61fb38) 
thrown [s\src\hotspot\share\prims\jni.cpp, line 517]
Event: 221.708 Thread 0x000001ac1a6df220 Exception <a 'sun/nio/fs/WindowsException'{0x000000008c61ff88}> (0x000000008c61ff88) 
thrown [s\src\hotspot\share\prims\jni.cpp, line 517]
Event: 221.711 Thread 0x000001ac1a6df220 Exception <a 'sun/nio/fs/WindowsException'{0x000000008c621d80}> (0x000000008c621d80) 
thrown [s\src\hotspot\share\prims\jni.cpp, line 517]
Event: 221.714 Thread 0x000001ac1a6df220 Exception <a 'sun/nio/fs/WindowsException'{0x000000008c622c18}> (0x000000008c622c18) 
thrown [s\src\hotspot\share\prims\jni.cpp, line 517]
Event: 221.714 Thread 0x000001ac1a6df220 Exception <a 'sun/nio/fs/WindowsException'{0x000000008c622c88}> (0x000000008c622c88) 
thrown [s\src\hotspot\share\prims\jni.cpp, line 517]
Event: 221.714 Thread 0x000001ac1a6df220 Exception <a 'sun/nio/fs/WindowsException'{0x000000008c623048}> (0x000000008c623048) 
thrown [s\src\hotspot\share\prims\jni.cpp, line 517]
Event: 221.722 Thread 0x000001ac1a6df220 Exception <a 'sun/nio/fs/WindowsException'{0x000000008c624e58}> (0x000000008c624e58) 
thrown [s\src\hotspot\share\prims\jni.cpp, line 517]
Event: 221.824 Thread 0x000001ac1a6df220 Exception <a 'java/lang/NoSuchMethodError'{0x000000008c58bc00}: static Lcom/android/builder/internal/aapt/AaptOptions;.<clinit>()V> (0x000000008c58bc00) 
thrown [s\src\hotspot\share\prims\jni.cpp, line 1108]
Event: 221.859 Thread 0x000001ac1a6df220 Exception <a 'java/lang/NoSuchMethodError'{0x000000008c5bfae8}: static [Ljava/lang/Object;.<clinit>()V> (0x000000008c5bfae8) 
thrown [s\src\hotspot\share\prims\jni.cpp, line 1108]
Event: 221.864 Thread 0x000001ac1a6df220 Exception <a 'java/lang/NoSuchMethodError'{0x000000008c5d0508}: static Ljava/lang/Object;.<clinit>()V> (0x000000008c5d0508) 
thrown [s\src\hotspot\share\prims\jni.cpp, line 1108]
Event: 221.871 Thread 0x000001ac1a6df220 Exception <a 'java/lang/NoSuchMethodError'{0x000000008c5ec3e8}: static Lcom/android/build/api/variant/impl/SerializableApplicationMultiOutputHandler;.<clinit>()V> (0x000000008c5ec3e8) 
thrown [s\src\hotspot\share\prims\jni.cpp, line 1108]
Event: 221.876 Thread 0x000001ac1a6df220 Exception <a 'java/lang/NoSuchMethodError'{0x000000008c402250}: static Lcom/android/build/api/variant/impl/VariantOutputImpl$SerializedForm;.<clinit>()V> (0x000000008c402250) 
thrown [s\src\hotspot\share\prims\jni.cpp, line 1108]
Event: 221.883 Thread 0x000001ac1a6df220 Exception <a 'java/lang/NoSuchMethodError'{0x000000008c415db0}: static Lcom/android/build/api/variant/impl/VariantOutputConfigurationImpl;.<clinit>()V> (0x000000008c415db0) 
thrown [s\src\hotspot\share\prims\jni.cpp, line 1108]
Event: 221.964 Thread 0x000001ac1a9163c0 Exception <a 'sun/nio/fs/WindowsException'{0x000000008c39ac60}> (0x000000008c39ac60) 
thrown [s\src\hotspot\share\prims\jni.cpp, line 517]
Event: 222.024 Thread 0x000001ac1a9163c0 Exception <a 'java/lang/NoSuchMethodError'{0x000000008c282da0}: 'int java.lang.invoke.DirectMethodHandle$Holder.invokeSpecial(java.lang.Object, java.lang.Object, java.lang.Object, java.lang.Object, java.lang.Object)'> (0x000000008c282da0) 
thrown [s\src\hotspot\share\interpreter\linkResolver.cpp, line 771]
Event: 226.284 Thread 0x000001ac1a917230 Exception <a 'java/lang/NoSuchMethodError'{0x000000008c9b9088}: 'int java.lang.invoke.DirectMethodHandle$Holder.invokeSpecialIFC(java.lang.Object, java.lang.Object, java.lang.Object)'> (0x000000008c9b9088) 
thrown [s\src\hotspot\share\interpreter\linkResolver.cpp, line 771]
Event: 226.321 Thread 0x000001ac1a6dda10 Exception <a 'sun/nio/fs/WindowsException'{0x000000008c9908b0}> (0x000000008c9908b0) 
thrown [s\src\hotspot\share\prims\jni.cpp, line 517]
Event: 226.796 Thread 0x000001ac1a6dda10 Exception <a 'sun/nio/fs/WindowsException'{0x000000008be604b0}> (0x000000008be604b0) 
thrown [s\src\hotspot\share\prims\jni.cpp, line 517]
Event: 228.413 Thread 0x000001ac1a912060 Exception <a 'sun/nio/fs/WindowsException'{0x000000008b7cd5e8}> (0x000000008b7cd5e8) 
thrown [s\src\hotspot\share\prims\jni.cpp, line 517]
Event: 230.497 Thread 0x000001ac1a912060 Exception <a 'java/lang/NoSuchMethodError'{0x000000008aefb578}: 'java.lang.Object java.lang.invoke.DirectMethodHandle$Holder.invokeStaticInit(java.lang.Object, java.lang.Object, java.lang.Object, java.lang.Object, java.lang.Object, java.lang.Object, java.lang.Object, java.lang.Object, java.lang.Object, java.lang.Object, java.lang.Object, java.lang.Object, java.lang.Object, java.lang.Object, java.lang.Object, java.lang.Object, java.lang.Object, java.lang.Object, java.lang.Object, java.lang.Object, int, java

VM Operations (20 events):
Event: 228.849 Executing VM operation: HandshakeAllThreads done
Event: 228.849 Executing VM operation: Cleanup
Event: 228.849 Executing VM operation: Cleanup done
Event: 229.851 Executing VM operation: Cleanup
Event: 229.852 Executing VM operation: Cleanup done
Event: 230.581 Executing VM operation: G1CollectForAllocation
Event: 230.621 Executing VM operation: G1CollectForAllocation done
Event: 230.630 Executing VM operation: G1CollectForAllocation
Event: 230.648 Executing VM operation: G1CollectForAllocation done
Event: 230.676 Executing VM operation: G1TryInitiateConcMark
Event: 230.681 Executing VM operation: G1TryInitiateConcMark done
Event: 230.683 Executing VM operation: G1TryInitiateConcMark
Event: 230.690 Executing VM operation: G1TryInitiateConcMark done
Event: 231.632 Executing VM operation: G1Concurrent
Event: 231.668 Executing VM operation: G1Concurrent done
Event: 231.935 Executing VM operation: G1Concurrent
Event: 231.936 Executing VM operation: G1Concurrent done
Event: 232.583 Executing VM operation: G1CollectForAllocation
Event: 232.607 Executing VM operation: G1CollectForAllocation done
Event: 233.601 Executing VM operation: G1CollectForAllocation

Events (20 events):
Event: 226.246 Thread 0x000001ac1709cc30 flushing nmethod 0x000001ac04a43e10
Event: 226.247 Thread 0x000001ac1709cc30 flushing nmethod 0x000001ac04a6e210
Event: 226.247 Thread 0x000001ac1709cc30 flushing nmethod 0x000001ac04a75190
Event: 226.248 Thread 0x000001ac1709cc30 flushing nmethod 0x000001ac04ac3590
Event: 226.248 Thread 0x000001ac1709cc30 flushing nmethod 0x000001ac04adf990
Event: 226.249 Thread 0x000001ac1709cc30 flushing nmethod 0x000001ac04b3b790
Event: 226.249 Thread 0x000001ac1709cc30 flushing nmethod 0x000001ac04b47390
Event: 226.250 Thread 0x000001ac1709cc30 flushing nmethod 0x000001ac04b99490
Event: 226.251 Thread 0x000001ac1709cc30 flushing nmethod 0x000001ac04c08d10
Event: 226.251 Thread 0x000001ac1709cc30 flushing nmethod 0x000001ac04c10890
Event: 226.251 Thread 0x000001ac1709cc30 flushing nmethod 0x000001ac04c41990
Event: 226.300 loading class java/nio/file/FileTreeIterator
Event: 226.301 loading class java/nio/file/FileTreeIterator done
Event: 226.937 Thread 0x000001ac1a912060 Thread added: 0x000001ac1a912060
Event: 226.939 Thread 0x000001ac1a917700 Thread added: 0x000001ac1a917700
Event: 228.754 loading class java/io/UTFDataFormatException
Event: 228.754 loading class java/io/UTFDataFormatException done
Event: 230.293 loading class java/nio/BufferUnderflowException
Event: 230.294 loading class java/nio/BufferUnderflowException done
Event: 230.694 Thread 0x000001ac1b72b320 Thread added: 0x000001ac1b72b320


Dynamic libraries:
0x00007ff7bd0c0000 - 0x00007ff7bd0ca000 	C:\Program Files\Android\Android Studio1\jbr\bin\java.exe
0x00007ffce4720000 - 0x00007ffce492f000 	C:\WINDOWS\SYSTEM32\ntdll.dll
0x00007ffce3440000 - 0x00007ffce34fd000 	C:\WINDOWS\System32\KERNEL32.DLL
0x00007ffce21c0000 - 0x00007ffce2554000 	C:\WINDOWS\System32\KERNELBASE.dll
0x00007ffce1cb0000 - 0x00007ffce1dc1000 	C:\WINDOWS\System32\ucrtbase.dll
0x00007ffcb9310000 - 0x00007ffcb9327000 	C:\Program Files\Android\Android Studio1\jbr\bin\jli.dll
0x00007ffce4100000 - 0x00007ffce42aa000 	C:\WINDOWS\System32\USER32.dll
0x00007ffce1ff0000 - 0x00007ffce2016000 	C:\WINDOWS\System32\win32u.dll
0x00007ffce2680000 - 0x00007ffce26a9000 	C:\WINDOWS\System32\GDI32.dll
0x00007ffce20a0000 - 0x00007ffce21b7000 	C:\WINDOWS\System32\gdi32full.dll
0x00007ffce1ba0000 - 0x00007ffce1c3a000 	C:\WINDOWS\System32\msvcp_win.dll
0x00007ffcc5bb0000 - 0x00007ffcc5bcb000 	C:\Program Files\Android\Android Studio1\jbr\bin\VCRUNTIME140.dll
0x00007ffccc780000 - 0x00007ffccca21000 	C:\WINDOWS\WinSxS\amd64_microsoft.windows.common-controls_6595b64144ccf1df_6.0.22543.1000_none_25f07d7fa9409c95\COMCTL32.dll
0x00007ffce3390000 - 0x00007ffce3434000 	C:\WINDOWS\System32\msvcrt.dll
0x00007ffce2750000 - 0x00007ffce2781000 	C:\WINDOWS\System32\IMM32.DLL
0x00007ffcdb330000 - 0x00007ffcdb33c000 	C:\Program Files\Android\Android Studio1\jbr\bin\vcruntime140_1.dll
0x00007ffcbb2b0000 - 0x00007ffcbb33d000 	C:\Program Files\Android\Android Studio1\jbr\bin\msvcp140.dll
0x00007ffc88490000 - 0x00007ffc890fe000 	C:\Program Files\Android\Android Studio1\jbr\bin\server\jvm.dll
0x00007ffce28b0000 - 0x00007ffce295e000 	C:\WINDOWS\System32\ADVAPI32.dll
0x00007ffce4630000 - 0x00007ffce46d5000 	C:\WINDOWS\System32\sechost.dll
0x00007ffce2790000 - 0x00007ffce28af000 	C:\WINDOWS\System32\RPCRT4.dll
0x00007ffcc91e0000 - 0x00007ffcc91e9000 	C:\WINDOWS\SYSTEM32\WSOCK32.dll
0x00007ffce4080000 - 0x00007ffce40f1000 	C:\WINDOWS\System32\WS2_32.dll
0x00007ffcda690000 - 0x00007ffcda6c4000 	C:\WINDOWS\SYSTEM32\WINMM.dll
0x00007ffcd9930000 - 0x00007ffcd993a000 	C:\WINDOWS\SYSTEM32\VERSION.dll
0x00007ffce0be0000 - 0x00007ffce0bf7000 	C:\WINDOWS\SYSTEM32\kernel.appcore.dll
0x00007ffcd5730000 - 0x00007ffcd573a000 	C:\Program Files\Android\Android Studio1\jbr\bin\jimage.dll
0x00007ffcdf6f0000 - 0x00007ffcdf914000 	C:\WINDOWS\SYSTEM32\DBGHELP.DLL
0x00007ffce3820000 - 0x00007ffce3b91000 	C:\WINDOWS\System32\combase.dll
0x00007ffce3740000 - 0x00007ffce3817000 	C:\WINDOWS\System32\OLEAUT32.dll
0x00007ffcd0360000 - 0x00007ffcd0391000 	C:\WINDOWS\SYSTEM32\dbgcore.DLL
0x00007ffce2020000 - 0x00007ffce209b000 	C:\WINDOWS\System32\bcryptPrimitives.dll
0x00007ffcbc1f0000 - 0x00007ffcbc215000 	C:\Program Files\Android\Android Studio1\jbr\bin\java.dll
0x00007ffcbb8b0000 - 0x00007ffcbb8c8000 	C:\Program Files\Android\Android Studio1\jbr\bin\zip.dll
0x00007ffce2bd0000 - 0x00007ffce338d000 	C:\WINDOWS\System32\SHELL32.dll
0x00007ffcdfc00000 - 0x00007ffce0459000 	C:\WINDOWS\SYSTEM32\windows.storage.dll
0x00007ffcdfac0000 - 0x00007ffcdfbfc000 	C:\WINDOWS\SYSTEM32\wintypes.dll
0x00007ffce4310000 - 0x00007ffce4401000 	C:\WINDOWS\System32\SHCORE.dll
0x00007ffce26d0000 - 0x00007ffce272b000 	C:\WINDOWS\System32\shlwapi.dll
0x00007ffce1ad0000 - 0x00007ffce1af1000 	C:\WINDOWS\SYSTEM32\profapi.dll
0x00007ffcbb890000 - 0x00007ffcbb8a9000 	C:\Program Files\Android\Android Studio1\jbr\bin\net.dll
0x00007ffcd9b40000 - 0x00007ffcd9c51000 	C:\WINDOWS\SYSTEM32\WINHTTP.dll
0x00007ffce10a0000 - 0x00007ffce1109000 	C:\WINDOWS\system32\mswsock.dll
0x00007ffcbb240000 - 0x00007ffcbb256000 	C:\Program Files\Android\Android Studio1\jbr\bin\nio.dll
0x00007ffcd4e90000 - 0x00007ffcd4ea0000 	C:\Program Files\Android\Android Studio1\jbr\bin\verify.dll
0x00007ffcbb180000 - 0x00007ffcbb1a7000 	C:\Users\wilda\.gradle\native\68d5fa5c4cc2d200863cafc0d521ce42e7d3e7ee720ec0a83991735586a16f82\windows-amd64\native-platform.dll
0x00007ffcb2840000 - 0x00007ffcb2984000 	C:\Users\wilda\.gradle\native\e376f236ea51e6404a007f0833ffe2c6e607c4080706a723a18a27aeea778392\windows-amd64\native-platform-file-events.dll
0x00007ffcd2c70000 - 0x00007ffcd2c79000 	C:\Program Files\Android\Android Studio1\jbr\bin\management.dll
0x00007ffcd2860000 - 0x00007ffcd286b000 	C:\Program Files\Android\Android Studio1\jbr\bin\management_ext.dll
0x00007ffce3500000 - 0x00007ffce3508000 	C:\WINDOWS\System32\PSAPI.DLL
0x00007ffce12f0000 - 0x00007ffce130c000 	C:\WINDOWS\SYSTEM32\CRYPTSP.dll
0x00007ffce0b40000 - 0x00007ffce0b75000 	C:\WINDOWS\system32\rsaenh.dll
0x00007ffce11a0000 - 0x00007ffce11c7000 	C:\WINDOWS\SYSTEM32\USERENV.dll
0x00007ffce1480000 - 0x00007ffce14a8000 	C:\WINDOWS\SYSTEM32\bcrypt.dll
0x00007ffce1310000 - 0x00007ffce131c000 	C:\WINDOWS\SYSTEM32\CRYPTBASE.dll
0x00007ffce06b0000 - 0x00007ffce06dd000 	C:\WINDOWS\SYSTEM32\IPHLPAPI.DLL
0x00007ffce3590000 - 0x00007ffce3599000 	C:\WINDOWS\System32\NSI.dll
0x00007ffcd9910000 - 0x00007ffcd9929000 	C:\WINDOWS\SYSTEM32\dhcpcsvc6.DLL
0x00007ffcd98f0000 - 0x00007ffcd990f000 	C:\WINDOWS\SYSTEM32\dhcpcsvc.DLL
0x00007ffce06e0000 - 0x00007ffce07d6000 	C:\WINDOWS\SYSTEM32\DNSAPI.dll
0x00007ffcd22b0000 - 0x00007ffcd22b8000 	C:\WINDOWS\system32\wshunix.dll
0x00007ffcd5fa0000 - 0x00007ffcd5fb7000 	C:\WINDOWS\system32\napinsp.dll
0x00007ffcd5310000 - 0x00007ffcd532b000 	C:\WINDOWS\system32\pnrpnsp.dll
0x00007ffcd2840000 - 0x00007ffcd2851000 	C:\WINDOWS\System32\winrnr.dll
0x00007ffcd5400000 - 0x00007ffcd5421000 	C:\WINDOWS\system32\nlansp_c.dll
0x00007ffcd9b20000 - 0x00007ffcd9b35000 	C:\WINDOWS\system32\wshbth.dll
0x00007ffcd4e40000 - 0x00007ffcd4e4a000 	C:\Windows\System32\rasadhlp.dll
0x00007ffcd74c0000 - 0x00007ffcd7542000 	C:\WINDOWS\System32\fwpuclnt.dll
0x00007ffcded60000 - 0x00007ffcdedf3000 	C:\WINDOWS\system32\apphelp.dll

dbghelp: loaded successfully - version: 4.0.5 - missing functions: none
symbol engine: initialized successfully - sym options: 0x614 - pdb path: .;C:\Program Files\Android\Android Studio1\jbr\bin;C:\WINDOWS\SYSTEM32;C:\WINDOWS\WinSxS\amd64_microsoft.windows.common-controls_6595b64144ccf1df_6.0.22543.1000_none_25f07d7fa9409c95;C:\Program Files\Android\Android Studio1\jbr\bin\server;C:\Users\wilda\.gradle\native\68d5fa5c4cc2d200863cafc0d521ce42e7d3e7ee720ec0a83991735586a16f82\windows-amd64;C:\Users\wilda\.gradle\native\e376f236ea51e6404a007f0833ffe2c6e607c4080706a723a18a27aeea778392\windows-amd64

VM Arguments:
jvm_args: --add-opens=java.base/java.util=ALL-UNNAMED --add-opens=java.base/java.lang=ALL-UNNAMED --add-opens=java.base/java.lang.invoke=ALL-UNNAMED --add-opens=java.prefs/java.util.prefs=ALL-UNNAMED --add-opens=java.base/java.nio.charset=ALL-UNNAMED --add-opens=java.base/java.net=ALL-UNNAMED --add-opens=java.base/java.util.concurrent.atomic=ALL-UNNAMED -Xmx2048m -Dfile.encoding=UTF-8 -Duser.country=ID -Duser.language=en -Duser.variant 
java_command: org.gradle.launcher.daemon.bootstrap.GradleDaemon 8.0
java_class_path (initial): C:\Users\wilda\.gradle\wrapper\dists\gradle-8.0-bin\ca5e32bp14vu59qr306oxotwh\gradle-8.0\lib\gradle-launcher-8.0.jar
Launcher Type: SUN_STANDARD

[Global flags]
     intx CICompilerCount                          = 3                                         {product} {ergonomic}
     uint ConcGCThreads                            = 1                                         {product} {ergonomic}
     uint G1ConcRefinementThreads                  = 4                                         {product} {ergonomic}
   size_t G1HeapRegionSize                         = 1048576                                   {product} {ergonomic}
    uintx GCDrainStackTargetSize                   = 64                                        {product} {ergonomic}
   size_t InitialHeapSize                          = 167772160                                 {product} {ergonomic}
   size_t MarkStackSize                            = 4194304                                   {product} {ergonomic}
   size_t MaxHeapSize                              = 2147483648                                {product} {command line}
   size_t MaxNewSize                               = 1287651328                                {product} {ergonomic}
   size_t MinHeapDeltaBytes                        = 1048576                                   {product} {ergonomic}
   size_t MinHeapSize                              = 8388608                                   {product} {ergonomic}
    uintx NonNMethodCodeHeapSize                   = 5832780                                {pd product} {ergonomic}
    uintx NonProfiledCodeHeapSize                  = 122912730                              {pd product} {ergonomic}
    uintx ProfiledCodeHeapSize                     = 122912730                              {pd product} {ergonomic}
    uintx ReservedCodeCacheSize                    = 251658240                              {pd product} {ergonomic}
     bool SegmentedCodeCache                       = true                                      {product} {ergonomic}
   size_t SoftMaxHeapSize                          = 2147483648                             {manageable} {ergonomic}
     bool UseCompressedClassPointers               = true                           {product lp64_product} {ergonomic}
     bool UseCompressedOops                        = true                           {product lp64_product} {ergonomic}
     bool UseG1GC                                  = true                                      {product} {ergonomic}
     bool UseLargePagesIndividualAllocation        = false                                  {pd product} {ergonomic}

Logging:
Log output configuration:
 #0: stdout all=warning uptime,level,tags
 #1: stderr all=off uptime,level,tags

Environment Variables:
JAVA_HOME=C:\Users\wilda\AppData\Local\jdk-19.0.2
PATH=C:\Program Files (x86)\VMware\VMware Workstation\bin\;C:\Program Files (x86)\Common Files\Oracle\Java\javapath;C:\WINDOWS\system32;C:\WINDOWS;C:\WINDOWS\System32\Wbem;C:\WINDOWS\System32\WindowsPowerShell\v1.0\;C:\WINDOWS\System32\OpenSSH\;C:\ProgramData\chocolatey\bin;C:\Program Files\PuTTY\;C:\Program Files\Git\cmd;C:\Program Files\Docker\Docker\resources\bin;C:\ProgramData\DockerDesktop\version-bin;C:\Program Files\PowerShell\7\;C:\Program Files\nodejs\;C:\Users\wilda\AppData\Local\jdk-19.0.2;C:\Users\wilda\AppData\Local\Programs\Python\Python38\;C:\Users\wilda\AppData\Local\Programs\Python\Python310\Scripts\;C:\Users\wilda\AppData\Local\Programs\Python\Python310\;C:\Users\wilda\AppData\Local\Programs\Python\Python39\Scripts\;C:\Users\wilda\AppData\Local\Programs\Python\Python39\;C:\Users\wilda\AppData\Local\Microsoft\WindowsApps;C:\Program Files\heroku\bin;C:\Program Files (x86)\Nmap;C:\Users\wilda\AppData\Local\Programs\Microsoft VS Code\bin;C:\Users\wilda\AppData\Roaming\npm;C:\Program Files\JetBrains\PyCharm 2023.1.3\bin;;C:\Users\wilda\flutter_windows_3.7.12-stable\flutter\bin;C:\tools\dart-sdk\bin;C:\Users\wilda\AppData\Roaming\Pub\Cache\bin;C:\Users\wilda\AppData\Local\Android\Sdk\tools\bin;C:\Users\wilda\AppData\Local\Gradle\gradle-8.0.2\bin;C:\Users\wilda\AppData\Local\jdk-19.0.2\bin;C:\Program Files\Java\jdk1.8.0_271\bin;C:\Users\wilda\dart-sdk\bin;C:\Program Files\JetBrains\PyCharm Community Edition 2023.2.1\bin;;;C:\Program Files\JetBrains\IntelliJ IDEA Community Edition 2023.2.1\bin;
USERNAME=wildanassyidiq142
OS=Windows_NT
PROCESSOR_IDENTIFIER=AMD64 Family 23 Model 24 Stepping 1, AuthenticAMD
TMP=C:\Users\wilda\AppData\Local\Temp
TEMP=C:\Users\wilda\AppData\Local\Temp


JNI global refs:
JNI global refs: 26, weak refs: 0

JNI global refs memory usage: 843, weak refs: 841


---------------  S Y S T E M  ---------------

OS:
 Windows 11 , 64 bit Build 22543 (10.0.22543.1000)
OS uptime: 14 days 1:04 hours
Hyper-V role detected

CPU: total 4 (initial active 4) (4 cores per cpu, 2 threads per core) family 23 model 24 stepping 1 microcode 0x0, cx8, cmov, fxsr, ht, mmx, 3dnowpref, sse, sse2, sse3, ssse3, sse4a, sse4.1, sse4.2, popcnt, lzcnt, tsc, tscinvbit, avx, avx2, aes, clmul, bmi1, bmi2, adx, sha, fma, vzeroupper, clflush, clflushopt, hv

Memory: 4k page, system-wide physical 10177M (547M free)
TotalPageFile size 13177M (AvailPageFile size 516M)
current process WorkingSet (physical memory assigned to process): 510M, peak: 510M
current process commit charge ("private bytes"): 604M, peak: 1153M

vm_info: OpenJDK 64-Bit Server VM (17.0.6+0-b2043.56-10027231) for windows-amd64 JRE (17.0.6+0-b2043.56-10027231), built on Apr 28 2023 00:43:19 by "androidbuild" with MS VC++ 16.10 / 16.11 (VS2019)

END.
